GET /api/blogs 3/23/2024 2:53:58 PM 
GET /api/blogs/65f6c0879ab2f83b7b2c9a9e 3/23/2024 2:54:58 PM 
GET /api/blogs/[object%20Object] 3/23/2024 2:55:06 PM 
GET /api/blogs/[object%20Object] 3/23/2024 2:55:45 PM 
GET /api/blogs/65f6c0879ab2f83b7b2c9a9e 3/23/2024 2:56:09 PM 
GET /api/blogs/65f6c0879ab2f83b7b2c9a9e 3/23/2024 3:00:01 PM 
GET /api/blogs/65f6c0879ab2f83b7b2c9a9e 3/23/2024 3:00:51 PM 
GET /api/blogs/65f6c0879ab2f83b7b2c9a9e 3/23/2024 3:01:00 PM 
GET /api/blogs/[object%20Object] 3/23/2024 3:02:57 PM 
GET /api/blogs 3/23/2024 3:03:07 PM 
GET /api/blogs 3/23/2024 3:03:21 PM 
GET /api/user/logout 3/23/2024 7:33:38 PM 
GET /api/user/getuser 3/23/2024 7:33:55 PM 
GET /api/user/verify/65fee171d25038c41c62161c/eyJhbGciOiJIUzI1NiIsInR5cCI6IkpXVCJ9.eyJ1c2VySWQiOiI2NWZlZTE3MWQyNTAzOGM0MWM2MjE2MWMiLCJpYXQiOjE3MTEyMDI2NzMsImV4cCI6MTcxMTIwMzI3M30.ytsw32cj3P79AYNAQV_VPlNTQv8KscONPthE8R9tlEA 3/23/2024 7:35:08 PM 
GET /favicon.ico 3/23/2024 7:35:08 PM 
GET /api/user/getuser 3/23/2024 7:36:21 PM 
GET /api/user/getuser 3/23/2024 7:37:05 PM 
GET /api/user/getuser 3/23/2024 7:37:08 PM 
GET /api/user/getuser 3/23/2024 7:37:14 PM 
GET /api/user/getuser 3/23/2024 9:55:43 PM 
GET /api/user/getuser 3/23/2024 9:56:44 PM 
POST /api/blogs/newblog 3/24/2024 7:24:13 PM 
POST /api/blogs/newblog 3/24/2024 7:27:46 PM 
POST /api/blogs/newblog 3/24/2024 7:28:22 PM 
POST /api/blogs/newblog 3/24/2024 7:30:08 PM 
POST /api/user/signup 3/25/2024 1:20:55 PM 
POST /api/user/register 3/25/2024 1:21:08 PM 
POST /api/user/register 3/25/2024 1:23:02 PM 
POST /api/user/register 3/25/2024 1:23:07 PM 
POST /api/user/register 3/25/2024 1:23:36 PM 
POST /api/user/register 3/25/2024 1:24:26 PM 
POST /api/user/register 3/25/2024 1:41:14 PM 
POST /api/user/register 3/25/2024 1:45:14 PM 
POST /api/user/register 3/25/2024 1:45:30 PM 
GET /api/user/verify/660132a266147d3c9186ab88/eyJhbGciOiJIUzI1NiIsInR5cCI6IkpXVCJ9.eyJ1c2VySWQiOiI2NjAxMzJhMjY2MTQ3ZDNjOTE4NmFiODgiLCJpYXQiOjE3MTEzNTQ1MzAsImV4cCI6MTcxMTM1NTEzMH0.BT7ZX0xQJSAIHSBoHhFbv2Ra34h8OXPSOJVedsJB4zo 3/25/2024 1:46:24 PM 
GET /favicon.ico 3/25/2024 1:46:25 PM 
POST /api/user/register 3/25/2024 2:53:28 PM 
POST /api/user/register 3/25/2024 2:54:43 PM 
GET /api/user/verify/660142db8e7cbe6abb97dc64/eyJhbGciOiJIUzI1NiIsInR5cCI6IkpXVCJ9.eyJ1c2VySWQiOiI2NjAxNDJkYjhlN2NiZTZhYmI5N2RjNjQiLCJpYXQiOjE3MTEzNTg2ODMsImV4cCI6MTcxMTM1OTI4M30.-boD91obF7j2C0qRKBZ2KosMZkb1GtUA54IiJc_sOzU 3/25/2024 2:55:12 PM 
POST /api/user/register 3/25/2024 2:55:25 PM 
POST /api/user/register 3/25/2024 2:57:41 PM 
GET /user/verify/6601438df55bfb6efe487632/eyJhbGciOiJIUzI1NiIsInR5cCI6IkpXVCJ9.eyJ1c2VySWQiOiI2NjAxNDM4ZGY1NWJmYjZlZmU0ODc2MzIiLCJpYXQiOjE3MTEzNTg4NjEsImV4cCI6MTcxMTM1OTQ2MX0.tKoEQr_g4LVUOV_zGLLJI_1Ao-kKNgoyLHXBOGixvJY 3/25/2024 3:03:02 PM 
GET /user/verify/6601438df55bfb6efe487632/eyJhbGciOiJIUzI1NiIsInR5cCI6IkpXVCJ9.eyJ1c2VySWQiOiI2NjAxNDM4ZGY1NWJmYjZlZmU0ODc2MzIiLCJpYXQiOjE3MTEzNTg4NjEsImV4cCI6MTcxMTM1OTQ2MX0.tKoEQr_g4LVUOV_zGLLJI_1Ao-kKNgoyLHXBOGixvJY 3/25/2024 3:03:06 PM 
GET /api/user/verify/6601438df55bfb6efe487632/eyJhbGciOiJIUzI1NiIsInR5cCI6IkpXVCJ9.eyJ1c2VySWQiOiI2NjAxNDM4ZGY1NWJmYjZlZmU0ODc2MzIiLCJpYXQiOjE3MTEzNTg4NjEsImV4cCI6MTcxMTM1OTQ2MX0.tKoEQr_g4LVUOV_zGLLJI_1Ao-kKNgoyLHXBOGixvJY 3/25/2024 3:04:19 PM 
GET /api/user/verify/65ec41e9a58d09ea1cc7f658/eyJhbGciOiJIUzI1NiIsInR5cCI6IkpXVCJ9.eyJ1c2VySWQiOiI2NjAxNDM4ZGY1NWJmYjZlZmU0ODc2MzIiLCJpYXQiOjE3MTEzNTg4NjEsImV4cCI6MTcxMTM1OTQ2MX0.tKoEQr_g4LVUOV_zGLLJI_1Ao-kKNgoyLHXBOGixvJY 3/25/2024 3:05:18 PM 
GET /api/user/verify/65ec41e9a58d09ea1cc7f658/eyJhbGciOiJIUzI1NiIsInR5cCI6IkpXVCJ9.eyJ1c2VySWQiOiI2NjAxNDM4ZGY1NWJmYjZlZmU0ODc2MzIiLCJpYXQiOjE3MTEzNTg4NjEsImV4cCI6MTcxMTM1OTQ2MX0.tKoEQr_g4LVUOV_zGLLJI_1Ao-kKNgoyLHXBOGixvJY 3/25/2024 3:05:21 PM 
GET /api/user/verify/6601457007d40cce0e22fa30/eyJhbGciOiJIUzI1NiIsInR5cCI6IkpXVCJ9.eyJ1c2VySWQiOiI2NjAxNDU3MDA3ZDQwY2NlMGUyMmZhMzAiLCJpYXQiOjE3MTEzNTkzNDQsImV4cCI6MTcxMTM1OTk0NH0.vxAXKbmjpsECbD9kD25w3reZbtzAsmvAARCBgn-7Tnw 3/25/2024 3:06:52 PM 
POST /api/user/register 3/25/2024 3:08:28 PM 
GET / 3/25/2024 4:46:45 PM 
GET /uploads/undefined/1711289106055-1678305223411.jpeg 3/25/2024 4:53:51 PM 
GET /uploads/65e8b596ac9c59a285820057/undefined 3/25/2024 4:53:51 PM 
GET /api/blogs 3/25/2024 4:59:07 PM 
GET /api/blogs 3/25/2024 5:00:29 PM 
GET /uploads/undefined/1711289106055-1678305223411.jpeg 3/25/2024 5:01:10 PM 
GET /uploads/65e8b596ac9c59a285820057/undefined 3/25/2024 5:01:10 PM 
GET /api/blogs 3/25/2024 5:02:17 PM 
GET /uploads/65ec41e9a58d09ea1cc7f658/1710669959767-1678305223411.jpeg 3/25/2024 5:02:17 PM 
GET /uploads/undefined/1711289106055-1678305223411.jpeg 3/25/2024 5:02:27 PM 
GET /uploads/65e8b596ac9c59a285820057/undefined 3/25/2024 5:02:27 PM 
GET /uploads/undefined/1711288808825-1678305223411.jpeg 3/25/2024 5:02:33 PM 
GET /uploads/undefined/1711289106055-1678305223411.jpeg 3/25/2024 5:02:33 PM 
GET /uploads/65e8b596ac9c59a285820057/undefined 3/25/2024 5:02:33 PM 
GET /uploads/undefined/1711366400332-1678305223411.jpeg 3/25/2024 5:03:32 PM 
GET /uploads/undefined/1711366400332-1678305223411.jpeg 3/25/2024 5:06:16 PM 
GET /uploads/undefined/1711366556168-1678305223411.jpeg 3/25/2024 5:06:16 PM 
GET /api/blogs 3/25/2024 5:07:08 PM 
GET /uploads/65ec41e9a58d09ea1cc7f658/1710669959767-1678305223411.jpeg 3/25/2024 5:07:08 PM 
POST /api/blogs/newblog 3/25/2024 5:08:33 PM 
POST /api/user/login 3/25/2024 5:08:58 PM 
POST /api/blogs/newblog 3/25/2024 5:09:12 PM 
POST /api/blogs/newblog 3/25/2024 5:09:16 PM 
POST /api/blogs/newblog 3/25/2024 5:12:45 PM 
POST /api/blogs/newblog 3/25/2024 5:13:08 PM 
GET /api/blogs 3/25/2024 5:13:25 PM 
GET /uploads/65ec41e9a58d09ea1cc7f658/1711366988131-1678305223411.jpeg 3/25/2024 5:13:25 PM 
GET /uploads/65ec41e9a58d09ea1cc7f658/1710669959767-1678305223411.jpeg 3/25/2024 5:13:25 PM 
GET /api/blogs 3/25/2024 5:14:38 PM 
GET /uploads/65ec41e9a58d09ea1cc7f658/1711366988131-1678305223411.jpeg 3/25/2024 5:14:38 PM 
GET /uploads/65ec41e9a58d09ea1cc7f658/1710669959767-1678305223411.jpeg 3/25/2024 5:14:38 PM 
GET /api/blogs 3/25/2024 5:14:40 PM 
GET /uploads/65ec41e9a58d09ea1cc7f658/1711366988131-1678305223411.jpeg 3/25/2024 5:14:40 PM 
GET /uploads/65ec41e9a58d09ea1cc7f658/1710669959767-1678305223411.jpeg 3/25/2024 5:14:40 PM 
GET /api/blogs 3/25/2024 5:15:17 PM 
GET /uploads/65ec41e9a58d09ea1cc7f658/1711366988131-1678305223411.jpeg 3/25/2024 5:15:17 PM 
GET /uploads/65ec41e9a58d09ea1cc7f658/1710669959767-1678305223411.jpeg 3/25/2024 5:15:17 PM 
GET /api/blogs 3/25/2024 5:15:24 PM 
GET /api/blogs 3/25/2024 5:15:34 PM 
POST /api/blogs/newblog 3/25/2024 5:15:38 PM 
GET /api/blogs 3/25/2024 5:15:44 PM 
GET /api/blogs 3/25/2024 5:18:14 PM 
GET /api/blogs 3/25/2024 5:18:15 PM 
GET /api/blogs 3/25/2024 5:18:17 PM 
GET /api/blogs 3/25/2024 5:21:28 PM 
GET /api/blogs 3/25/2024 5:21:34 PM 
GET /api/blogs/660163e202878cf0020493c7 3/25/2024 5:22:00 PM 
GET /api/blogs/660163e202878cf0020493c7 3/25/2024 5:23:38 PM 
GET /api/blogs/660163e202878cf0020493c7 3/25/2024 5:23:56 PM 
GET /api/blogs/660163e202878cf0020493c7 3/25/2024 5:24:04 PM 
GET /api/blogs 3/25/2024 5:39:44 PM 
GET /api/blogs/660163e202878cf0020493c7 3/25/2024 5:39:51 PM 
GET /api/blogs/660163e202878cf0020493c7 3/25/2024 5:42:36 PM 
GET /api/blogs/660163e202878cf0020493c7 3/25/2024 5:43:06 PM 
GET /api/blogs 3/25/2024 5:43:25 PM 
GET /api/blogs 3/25/2024 5:43:28 PM 
GET /api/blogs 3/25/2024 5:43:30 PM 
GET /api/blogs 3/25/2024 5:45:07 PM 
GET /api/blogs 3/25/2024 5:45:08 PM 
POST /api/blogs/newblog 3/25/2024 5:46:31 PM 
GET /api/blogs 3/25/2024 5:46:40 PM 
GET /api/blogs 3/25/2024 5:46:48 PM 
GET /api/blogs 3/25/2024 5:46:50 PM 
GET /api/blogs 3/25/2024 5:46:50 PM 
GET /api/blogs 3/25/2024 5:47:00 PM 
GET /api/blogs 3/25/2024 5:47:02 PM 
GET /uploads/undefined/1711368991764-1678305223411.jpeg 3/25/2024 5:47:27 PM 
GET /api/blogs 3/25/2024 5:47:29 PM 
GET /uploads/undefined/1711368991764-1678305223411.jpeg 3/25/2024 5:47:30 PM 
GET /api/blogs 3/25/2024 5:48:07 PM 
GET /api/blogs/ 3/25/2024 5:49:13 PM 
GET /api/blogs/66016b1fb5ce08ffe8b8ab0d 3/25/2024 5:49:16 PM 
GET /api/blogs/66016b1fb5ce08ffe8b8ab0d 3/25/2024 5:49:47 PM 
GET /api/blogs/65ec41e9a58d09ea1cc7f658/1711368991764-1678305223411.jpeg 3/25/2024 5:49:47 PM 
GET /65ec41e9a58d09ea1cc7f658/1711368991764-1678305223411.jpeg 3/25/2024 5:50:35 PM 
GET /api/blogs/66016b1fb5ce08ffe8b8ab0d 3/25/2024 5:50:35 PM 
GET /api/blogs/66016b1fb5ce08ffe8b8ab0d 3/25/2024 5:50:36 PM 
GET /65ec41e9a58d09ea1cc7f658/1711368991764-1678305223411.jpeg 3/25/2024 5:50:36 PM 
GET /api/blogs 3/25/2024 5:50:44 PM 
GET /api/blogs 3/25/2024 5:50:46 PM 
GET /api/blogs/66016b1fb5ce08ffe8b8ab0d 3/25/2024 5:50:58 PM 
GET /api/blogs/66016b1fb5ce08ffe8b8ab0d 3/25/2024 5:51:01 PM 
GET /api/blogs/66016b1fb5ce08ffe8b8ab0d 3/25/2024 5:51:27 PM 
GET /api/blogs/66016b1fb5ce08ffe8b8ab0d 3/25/2024 5:51:31 PM 
GET /api/blogs/[object%20Object] 3/25/2024 7:24:18 PM 
GET /api/blogs/66016b1fb5ce08ffe8b8ab0d 3/25/2024 7:24:18 PM 
GET /api/blogs/66016b1fb5ce08ffe8b8ab0d 3/25/2024 7:37:19 PM 
GET /api/blogs/66016b1fb5ce08ffe8b8ab0d 3/25/2024 7:37:19 PM 
GET /api/blogs/66016b1fb5ce08ffe8b8ab0d 3/25/2024 7:38:05 PM 
GET /api/blogs/66016b1fb5ce08ffe8b8ab0d 3/25/2024 7:38:11 PM 
GET /api/blogs/66016b1fb5ce08ffe8b8ab0d 3/25/2024 7:38:33 PM 
GET /api/blogs/66016b1fb5ce08ffe8b8ab0d 3/25/2024 7:38:40 PM 
GET /api/blogs/66016b1fb5ce08ffe8b8ab0d 3/25/2024 7:39:06 PM 
GET /api/blogs/66016b1fb5ce08ffe8b8ab0d 3/25/2024 7:39:08 PM 
GET /api/blogs/66016b1fb5ce08ffe8b8ab0d 3/25/2024 7:39:16 PM 
GET /api/blogs/66016b1fb5ce08ffe8b8ab0d 3/25/2024 7:39:18 PM 
GET /api/blogs/66016b1fb5ce08ffe8b8ab0d 3/25/2024 7:39:22 PM 
GET /api/blogs/66016b1fb5ce08ffe8b8ab0d 3/25/2024 7:41:11 PM 
GET /api/blogs/66016b1fb5ce08ffe8b8ab0d 3/25/2024 7:41:17 PM 
GET /api/blogs/66016b1fb5ce08ffe8b8ab0d 3/25/2024 7:41:36 PM 
GET /api/blogs/66016b1fb5ce08ffe8b8ab0d 3/25/2024 7:41:41 PM 
GET /api/blogs/66016b1fb5ce08ffe8b8ab0d 3/25/2024 7:41:41 PM 
GET /api/blogs/66016b1fb5ce08ffe8b8ab0d 3/25/2024 7:41:41 PM 
GET /api/blogs/66016b1fb5ce08ffe8b8ab0d 3/25/2024 7:41:41 PM 
GET /api/blogs/66016b1fb5ce08ffe8b8ab0d 3/25/2024 7:41:44 PM 
GET /api/blogs/66016b1fb5ce08ffe8b8ab0d 3/25/2024 7:41:44 PM 
GET /api/blogs/66016b1fb5ce08ffe8b8ab0d 3/25/2024 7:41:44 PM 
GET /api/blogs/66016b1fb5ce08ffe8b8ab0d 3/25/2024 7:41:44 PM 
GET /api/blogs/66016b1fb5ce08ffe8b8ab0d 3/25/2024 7:42:17 PM 
GET /api/blogs/66016b1fb5ce08ffe8b8ab0d 3/25/2024 7:42:18 PM 
GET /api/blogs/66016b1fb5ce08ffe8b8ab0d 3/25/2024 7:42:18 PM 
GET /api/blogs/66016b1fb5ce08ffe8b8ab0d 3/25/2024 7:42:18 PM 
GET /api/blogs/66016b1fb5ce08ffe8b8ab0d 3/25/2024 7:42:18 PM 
GET /api/blogs/66016b1fb5ce08ffe8b8ab0d 3/25/2024 7:42:18 PM 
GET /api/blogs/66016b1fb5ce08ffe8b8ab0d 3/25/2024 7:42:18 PM 
GET /api/blogs/66016b1fb5ce08ffe8b8ab0d 3/25/2024 7:42:18 PM 
GET /api/blogs/66016b1fb5ce08ffe8b8ab0d 3/25/2024 7:55:58 PM 
GET /api/blogs/66016b1fb5ce08ffe8b8ab0d 3/25/2024 7:55:58 PM 
GET /api/blogs/66016b1fb5ce08ffe8b8ab0d 3/25/2024 7:56:03 PM 
GET /api/blogs/66016b1fb5ce08ffe8b8ab0d 3/25/2024 7:56:03 PM 
GET /api/blogs/66016b1fb5ce08ffe8b8ab0d 3/25/2024 7:56:21 PM 
GET /api/blogs/66016b1fb5ce08ffe8b8ab0d 3/25/2024 7:56:22 PM 
GET /api/blogs/66016b1fb5ce08ffe8b8ab0d 3/25/2024 7:56:24 PM 
GET /api/blogs/66016b1fb5ce08ffe8b8ab0d 3/25/2024 7:56:25 PM 
GET /api/blogs/66016b1fb5ce08ffe8b8ab0d 3/25/2024 7:56:50 PM 
GET /api/blogs/66016b1fb5ce08ffe8b8ab0d 3/25/2024 7:56:50 PM 
GET /api/blogs/66016b1fb5ce08ffe8b8ab0d 3/25/2024 7:56:50 PM 
GET /api/blogs/66016b1fb5ce08ffe8b8ab0d 3/25/2024 7:56:59 PM 
GET /api/blogs/66016b1fb5ce08ffe8b8ab0d 3/25/2024 7:56:59 PM 
GET /api/blogs/undefined 3/25/2024 7:57:38 PM 
GET /api/blogs/undefined 3/25/2024 7:57:38 PM 
GET /api/blogs/undefined 3/25/2024 7:57:38 PM 
GET /api/blogs/66016b1fb5ce08ffe8b8ab0d 3/25/2024 7:57:51 PM 
GET /api/blogs/66016b1fb5ce08ffe8b8ab0d 3/25/2024 7:57:51 PM 
GET /api/blogs/66016b1fb5ce08ffe8b8ab0d 3/25/2024 7:57:51 PM 
GET /api/blogs/66016b1fb5ce08ffe8b8ab0d 3/25/2024 7:58:28 PM 
GET /api/blogs/66016b1fb5ce08ffe8b8ab0d 3/25/2024 7:58:28 PM 
GET /api/blogs/66016b1fb5ce08ffe8b8ab0d 3/25/2024 7:58:28 PM 
GET /api/blogs/66016b1fb5ce08ffe8b8ab0d 3/25/2024 7:58:28 PM 
GET /api/blogs/66016b1fb5ce08ffe8b8ab0d 3/25/2024 7:58:41 PM 
GET /api/blogs/66016b1fb5ce08ffe8b8ab0d 3/25/2024 7:58:41 PM 
GET /api/blogs/66016b1fb5ce08ffe8b8ab0d 3/25/2024 7:58:53 PM 
GET /api/blogs/66016b1fb5ce08ffe8b8ab0d 3/25/2024 7:58:53 PM 
GET /api/blogs/66016b1fb5ce08ffe8b8ab0d 3/25/2024 7:59:18 PM 
GET /api/blogs/66016b1fb5ce08ffe8b8ab0d 3/25/2024 7:59:18 PM 
GET /api/blogs/66016b1fb5ce08ffe8b8ab0d 3/25/2024 7:59:18 PM 
GET /api/blogs/66016b1fb5ce08ffe8b8ab0d 3/25/2024 7:59:23 PM 
GET /api/blogs/66016b1fb5ce08ffe8b8ab0d 3/25/2024 7:59:23 PM 
GET /api/blogs/66016b1fb5ce08ffe8b8ab0d 3/25/2024 7:59:23 PM 
GET /api/blogs/66016b1fb5ce08ffe8b8ab0d 3/25/2024 7:59:23 PM 
GET /api/blogs/66016b1fb5ce08ffe8b8ab0d 3/25/2024 7:59:42 PM 
GET /api/blogs/66016b1fb5ce08ffe8b8ab0d 3/25/2024 7:59:42 PM 
GET /api/blogs/66016b1fb5ce08ffe8b8ab0d 3/25/2024 7:59:42 PM 
GET /api/blogs/66016b1fb5ce08ffe8b8ab0d 3/25/2024 7:59:42 PM 
GET /api/blogs/66016b1fb5ce08ffe8b8ab0d 3/25/2024 8:00:14 PM 
GET /api/blogs/66016b1fb5ce08ffe8b8ab0d 3/25/2024 8:00:14 PM 
GET /api/blogs/66016b1fb5ce08ffe8b8ab0d 3/25/2024 8:00:14 PM 
GET /api/blogs/66016b1fb5ce08ffe8b8ab0d 3/25/2024 8:00:14 PM 
GET /api/blogs/66016b1fb5ce08ffe8b8ab0d 3/25/2024 8:00:18 PM 
GET /api/blogs/66016b1fb5ce08ffe8b8ab0d 3/25/2024 8:00:18 PM 
GET /api/blogs/66016b1fb5ce08ffe8b8ab0d 3/25/2024 8:00:25 PM 
GET /api/blogs/66016b1fb5ce08ffe8b8ab0d 3/25/2024 8:00:25 PM 
GET /api/blogs/66016b1fb5ce08ffe8b8ab0d 3/25/2024 8:00:25 PM 
GET /api/blogs/66016b1fb5ce08ffe8b8ab0d 3/25/2024 8:00:58 PM 
GET /api/blogs/66016b1fb5ce08ffe8b8ab0d 3/25/2024 8:00:58 PM 
GET /api/blogs/66016b1fb5ce08ffe8b8ab0d 3/25/2024 8:00:58 PM 
GET /api/blogs/66016b1fb5ce08ffe8b8ab0d 3/25/2024 8:00:58 PM 
GET /api/blogs/66016b1fb5ce08ffe8b8ab0d 3/25/2024 8:01:01 PM 
GET /api/blogs/66016b1fb5ce08ffe8b8ab0d 3/25/2024 8:01:01 PM 
GET /api/blogs/66016b1fb5ce08ffe8b8ab0d 3/25/2024 8:01:41 PM 
GET /api/blogs/66016b1fb5ce08ffe8b8ab0d 3/25/2024 8:01:41 PM 
GET /api/blogs/66016b1fb5ce08ffe8b8ab0d 3/25/2024 8:01:41 PM 
GET /api/blogs/66016b1fb5ce08ffe8b8ab0d 3/25/2024 8:01:43 PM 
GET /api/blogs/66016b1fb5ce08ffe8b8ab0d 3/25/2024 8:01:43 PM 
GET /api/blogs/66016b1fb5ce08ffe8b8ab0d 3/25/2024 8:01:43 PM 
GET /api/blogs/66016b1fb5ce08ffe8b8ab0d 3/25/2024 8:01:43 PM 
GET /api/blogs/66016b1fb5ce08ffe8b8ab0d 3/25/2024 8:02:10 PM 
GET /api/blogs/66016b1fb5ce08ffe8b8ab0d 3/25/2024 8:02:10 PM 
GET /api/blogs/66016b1fb5ce08ffe8b8ab0d 3/25/2024 8:02:10 PM 
GET /api/blogs/66016b1fb5ce08ffe8b8ab0d 3/25/2024 8:02:10 PM 
GET /api/blogs/66016b1fb5ce08ffe8b8ab0d 3/25/2024 8:03:03 PM 
GET /api/blogs/66016b1fb5ce08ffe8b8ab0d 3/25/2024 8:03:03 PM 
GET /api/blogs/66016b1fb5ce08ffe8b8ab0d 3/25/2024 8:03:03 PM 
GET /api/blogs/66016b1fb5ce08ffe8b8ab0d 3/25/2024 8:03:03 PM 
GET /api/blogs/66016b1fb5ce08ffe8b8ab0d 3/25/2024 8:03:09 PM 
GET /api/blogs/66016b1fb5ce08ffe8b8ab0d 3/25/2024 8:03:09 PM 
GET /api/blogs/66016b1fb5ce08ffe8b8ab0d 3/25/2024 8:03:09 PM 
GET /api/blogs/66016b1fb5ce08ffe8b8ab0d 3/25/2024 8:03:09 PM 
GET /api/blogs/66016b1fb5ce08ffe8b8ab0d 3/25/2024 8:03:16 PM 
GET /api/blogs/66016b1fb5ce08ffe8b8ab0d 3/25/2024 8:03:16 PM 
GET /api/blogs/66016b1fb5ce08ffe8b8ab0d 3/25/2024 8:03:16 PM 
GET /api/blogs/66016b1fb5ce08ffe8b8ab0d 3/25/2024 8:03:16 PM 
GET /api/blogs/66016b1fb5ce08ffe8b8ab0d 3/25/2024 8:03:47 PM 
GET /api/blogs/66016b1fb5ce08ffe8b8ab0d 3/25/2024 8:03:48 PM 
GET /api/blogs/66016b1fb5ce08ffe8b8ab0d 3/25/2024 8:03:51 PM 
GET /api/blogs/66016b1fb5ce08ffe8b8ab0d 3/25/2024 8:04:16 PM 
GET /api/blogs/66016b1fb5ce08ffe8b8ab0d 3/25/2024 8:04:30 PM 
GET /api/blogs/66016b1fb5ce08ffe8b8ab0d 3/25/2024 8:04:54 PM 
GET /api/blogs/66016b1fb5ce08ffe8b8ab0d 3/25/2024 8:04:56 PM 
GET /api/blogs/660164c9ab5af80a43958a7d 3/25/2024 8:04:58 PM 
GET /api/blogs/660164c9ab5af80a43958a7d 3/25/2024 8:05:21 PM 
GET /api/blogs/66016b1fb5ce08ffe8b8ab0d 3/25/2024 8:05:22 PM 
GET /api/blogs/660164c9ab5af80a43958a7d 3/25/2024 8:05:25 PM 
GET /api/blogs/66016b1fb5ce08ffe8b8ab0d 3/25/2024 8:05:26 PM 
GET /api/blogs/660164c9ab5af80a43958a7d 3/25/2024 8:05:47 PM 
GET /api/blogs/66016b1fb5ce08ffe8b8ab0d 3/25/2024 8:05:48 PM 
GET /api/blogs/660164c9ab5af80a43958a7d 3/25/2024 8:06:13 PM 
GET /api/blogs/66016b1fb5ce08ffe8b8ab0d 3/25/2024 8:06:14 PM 
GET /api/blogs/660164c9ab5af80a43958a7d 3/25/2024 8:07:54 PM 
GET /api/blogs/660164c9ab5af80a43958a7d 3/25/2024 8:08:11 PM 
GET /api/blogs/66016b1fb5ce08ffe8b8ab0d 3/25/2024 8:08:12 PM 
GET /api/blogs/660164c9ab5af80a43958a7d 3/25/2024 8:08:28 PM 
GET /api/blogs/660164c9ab5af80a43958a7d 3/25/2024 8:08:28 PM 
GET /api/blogs/660164c9ab5af80a43958a7d 3/25/2024 8:08:28 PM 
GET /api/blogs/66016b1fb5ce08ffe8b8ab0d 3/25/2024 8:08:29 PM 
GET /api/blogs/66016b1fb5ce08ffe8b8ab0d 3/25/2024 8:08:29 PM 
GET /api/blogs/66016b1fb5ce08ffe8b8ab0d 3/25/2024 8:08:29 PM 
GET /api/blogs/660164c9ab5af80a43958a7d 3/25/2024 8:08:31 PM 
GET /api/blogs/660164c9ab5af80a43958a7d 3/25/2024 8:08:31 PM 
GET /api/blogs/660164c9ab5af80a43958a7d 3/25/2024 8:08:42 PM 
GET /api/blogs/660164c9ab5af80a43958a7d 3/25/2024 8:08:42 PM 
GET /api/blogs/660164c9ab5af80a43958a7d 3/25/2024 8:08:43 PM 
GET /api/blogs/66016b1fb5ce08ffe8b8ab0d 3/25/2024 8:08:43 PM 
GET /api/blogs/66016b1fb5ce08ffe8b8ab0d 3/25/2024 8:08:43 PM 
GET /api/blogs/66016b1fb5ce08ffe8b8ab0d 3/25/2024 8:08:43 PM 
GET /api/blogs/66016b1fb5ce08ffe8b8ab0d 3/25/2024 8:08:43 PM 
GET /api/blogs/660164c9ab5af80a43958a7d 3/25/2024 8:08:45 PM 
GET /api/blogs/660164c9ab5af80a43958a7d 3/25/2024 8:08:45 PM 
GET /api/blogs/660164c9ab5af80a43958a7d 3/25/2024 8:09:21 PM 
GET /api/blogs/660164c9ab5af80a43958a7d 3/25/2024 8:09:21 PM 
GET /api/blogs/660164c9ab5af80a43958a7d 3/25/2024 8:09:21 PM 
GET /api/blogs/66016b1fb5ce08ffe8b8ab0d 3/25/2024 8:09:22 PM 
GET /api/blogs/66016b1fb5ce08ffe8b8ab0d 3/25/2024 8:09:22 PM 
GET /api/blogs/66016b1fb5ce08ffe8b8ab0d 3/25/2024 8:09:22 PM 
GET /api/blogs/66016b1fb5ce08ffe8b8ab0d 3/25/2024 8:09:22 PM 
GET /api/blogs/66016b1fb5ce08ffe8b8ab0d 3/25/2024 8:09:47 PM 
GET /api/blogs/66016b1fb5ce08ffe8b8ab0d 3/25/2024 8:09:47 PM 
GET /api/blogs/66016b1fb5ce08ffe8b8ab0d 3/25/2024 8:10:41 PM 
GET /api/blogs/66016b1fb5ce08ffe8b8ab0d 3/25/2024 8:10:41 PM 
GET /api/blogs/66016b1fb5ce08ffe8b8ab0d 3/25/2024 8:10:41 PM 
GET /api/blogs/66016b1fb5ce08ffe8b8ab0d 3/25/2024 8:10:42 PM 
GET /api/blogs/66016b1fb5ce08ffe8b8ab0d 3/25/2024 8:10:42 PM 
GET /api/blogs/66016b1fb5ce08ffe8b8ab0d 3/25/2024 8:10:42 PM 
GET /api/blogs/66016b1fb5ce08ffe8b8ab0d 3/25/2024 8:10:42 PM 
GET /api/blogs/66016b1fb5ce08ffe8b8ab0d 3/25/2024 8:10:50 PM 
GET /api/blogs/66016b1fb5ce08ffe8b8ab0d 3/25/2024 8:10:50 PM 
GET /api/blogs/66016b1fb5ce08ffe8b8ab0d 3/25/2024 8:10:50 PM 
GET /api/blogs/66016b1fb5ce08ffe8b8ab0d 3/25/2024 8:10:50 PM 
GET /api/blogs/66016b1fb5ce08ffe8b8ab0d 3/25/2024 8:10:51 PM 
GET /api/blogs/66016b1fb5ce08ffe8b8ab0d 3/25/2024 8:10:51 PM 
GET /api/blogs/66016b1fb5ce08ffe8b8ab0d 3/25/2024 8:10:51 PM 
GET /api/blogs/66016b1fb5ce08ffe8b8ab0d 3/25/2024 8:10:51 PM 
GET /api/blogs/66016b1fb5ce08ffe8b8ab0d 3/25/2024 8:10:58 PM 
GET /api/blogs/66016b1fb5ce08ffe8b8ab0d 3/25/2024 8:11:09 PM 
GET /api/blogs/66016b1fb5ce08ffe8b8ab0d 3/25/2024 8:11:10 PM 
GET /api/blogs/66016b1fb5ce08ffe8b8ab0d 3/25/2024 8:11:12 PM 
GET /api/blogs/660164c9ab5af80a43958a7d 3/25/2024 8:11:17 PM 
GET /api/blogs/660164c9ab5af80a43958a7d 3/25/2024 8:11:38 PM 
GET /api/blogs/66016b1fb5ce08ffe8b8ab0d 3/25/2024 8:11:39 PM 
GET /api/blogs/660164c9ab5af80a43958a7d 3/25/2024 8:11:46 PM 
GET /api/blogs/66016b1fb5ce08ffe8b8ab0d 3/25/2024 8:11:47 PM 
GET /api/blogs/660164c9ab5af80a43958a7d 3/25/2024 8:11:58 PM 
GET /api/blogs/66016b1fb5ce08ffe8b8ab0d 3/25/2024 8:11:59 PM 
GET /api/blogs/660164c9ab5af80a43958a7d 3/25/2024 8:12:00 PM 
GET /api/blogs/66016b1fb5ce08ffe8b8ab0d 3/25/2024 8:12:01 PM 
GET /api/blogs/660164c9ab5af80a43958a7d 3/25/2024 8:12:07 PM 
GET /api/blogs/66016b1fb5ce08ffe8b8ab0d 3/25/2024 8:12:08 PM 
GET /api/blogs/660164c9ab5af80a43958a7d 3/25/2024 8:12:08 PM 
GET /api/blogs/66016b1fb5ce08ffe8b8ab0d 3/25/2024 8:12:09 PM 
GET /api/blogs/660164c9ab5af80a43958a7d 3/25/2024 8:12:11 PM 
GET /api/blogs/66016b1fb5ce08ffe8b8ab0d 3/25/2024 8:12:12 PM 
GET /api/blogs/660164c9ab5af80a43958a7d 3/25/2024 8:12:17 PM 
GET /api/blogs/660164c9ab5af80a43958a7d 3/25/2024 8:12:17 PM 
GET /api/blogs/66016b1fb5ce08ffe8b8ab0d 3/25/2024 8:12:18 PM 
GET /api/blogs/660164c9ab5af80a43958a7d 3/25/2024 8:12:22 PM 
GET /api/blogs/66016b1fb5ce08ffe8b8ab0d 3/25/2024 8:12:23 PM 
GET /api/blogs/660164c9ab5af80a43958a7d 3/25/2024 8:12:35 PM 
GET /api/blogs/66016b1fb5ce08ffe8b8ab0d 3/25/2024 8:12:36 PM 
GET /api/blogs/660164c9ab5af80a43958a7d 3/25/2024 8:12:48 PM 
GET /api/blogs/66016b1fb5ce08ffe8b8ab0d 3/25/2024 8:12:49 PM 
GET /api/blogs/660164c9ab5af80a43958a7d 3/25/2024 8:12:55 PM 
GET /api/blogs/66016b1fb5ce08ffe8b8ab0d 3/25/2024 8:12:56 PM 
GET /api/blogs/660164c9ab5af80a43958a7d 3/25/2024 8:41:09 PM 
GET /api/blogs/66016b1fb5ce08ffe8b8ab0d 3/25/2024 8:41:19 PM 
GET /uploads/[object%20Object]/1711368991764-1678305223411.jpeg 3/25/2024 8:41:19 PM 
GET /api/blogs/66016b1fb5ce08ffe8b8ab0d 3/25/2024 8:41:20 PM 
GET /uploads/[object%20Object]/1711368991764-1678305223411.jpeg 3/25/2024 8:41:20 PM 
GET /api/blogs/66016b1fb5ce08ffe8b8ab0d 3/25/2024 8:41:31 PM 
GET /uploads/[object%20Object]/1711368991764-1678305223411.jpeg 3/25/2024 8:41:31 PM 
GET /api/blogs/66016b1fb5ce08ffe8b8ab0d 3/25/2024 8:41:46 PM 
GET /uploads/[object%20Object]/1711368991764-1678305223411.jpeg 3/25/2024 8:41:46 PM 
GET /api/blogs/66016b1fb5ce08ffe8b8ab0d 3/25/2024 8:42:14 PM 
GET /api/blogs/66016b1fb5ce08ffe8b8ab0d 3/25/2024 8:42:14 PM 
GET /api/blogs/66016b1fb5ce08ffe8b8ab0d 3/25/2024 8:42:16 PM 
GET /api/blogs/66016b1fb5ce08ffe8b8ab0d 3/25/2024 8:42:22 PM 
GET /api/blogs/66016b1fb5ce08ffe8b8ab0d 3/25/2024 8:42:22 PM 
GET /api/blogs/66016b1fb5ce08ffe8b8ab0d 3/25/2024 8:42:25 PM 
GET /api/blogs/66016b1fb5ce08ffe8b8ab0d 3/25/2024 8:42:25 PM 
GET /api/blogs/66016b1fb5ce08ffe8b8ab0d 3/25/2024 8:42:28 PM 
GET /api/blogs 3/25/2024 8:42:41 PM 
GET /uploads/undefined/1711368991764-1678305223411.jpeg 3/25/2024 8:42:41 PM 
GET /api/blogs 3/25/2024 8:42:43 PM 
GET /uploads/undefined/1711368991764-1678305223411.jpeg 3/25/2024 8:42:43 PM 
GET /uploads/undefined/1711368991764-1678305223411.jpeg 3/25/2024 8:43:15 PM 
GET /api/blogs 3/25/2024 8:43:20 PM 
GET /uploads/undefined/1711368991764-1678305223411.jpeg 3/25/2024 8:43:20 PM 
GET /api/blogs 3/25/2024 8:44:06 PM 
GET /uploads/undefined/1711368991764-1678305223411.jpeg 3/25/2024 8:44:06 PM 
GET /api/blogs/66016b1fb5ce08ffe8b8ab0d 3/25/2024 8:44:44 PM 
GET /api/blogs 3/25/2024 8:44:53 PM 
GET /uploads/undefined/1711368991764-1678305223411.jpeg 3/25/2024 8:44:53 PM 
GET /api/blogs/66016b1fb5ce08ffe8b8ab0d 3/25/2024 8:44:54 PM 
GET /api/blogs 3/25/2024 8:44:54 PM 
GET /uploads/undefined/1711368991764-1678305223411.jpeg 3/25/2024 8:44:54 PM 
GET /api/blogs 3/25/2024 8:44:55 PM 
GET /uploads/undefined/1711368991764-1678305223411.jpeg 3/25/2024 8:44:55 PM 
GET /api/blogs 3/25/2024 8:45:46 PM 
GET /uploads/undefined/1711368991764-1678305223411.jpeg 3/25/2024 8:45:46 PM 
GET /api/blogs 3/25/2024 8:46:00 PM 
GET /uploads/undefined/1711368991764-1678305223411.jpeg 3/25/2024 8:46:00 PM 
GET /api/blogs 3/25/2024 8:46:05 PM 
GET /uploads/undefined/1711368991764-1678305223411.jpeg 3/25/2024 8:46:05 PM 
GET /api/blogs 3/25/2024 8:46:46 PM 
GET /api/blogs 3/25/2024 8:46:48 PM 
GET /uploads/undefined/1711368991764-1678305223411.jpeg 3/25/2024 8:46:48 PM 
GET /api/blogs 3/25/2024 8:47:42 PM 
GET /api/blogs 3/25/2024 8:48:54 PM 
GET /api/blogs/66016b1fb5ce08ffe8b8ab0d 3/25/2024 8:49:17 PM 
GET /api/blogs 3/25/2024 8:49:24 PM 
GET /api/blogs/66016b1fb5ce08ffe8b8ab0d 3/25/2024 8:49:25 PM 
GET /api/blogs 3/25/2024 8:49:26 PM 
GET /api/blogs/66016b1fb5ce08ffe8b8ab0d 3/25/2024 8:49:27 PM 
GET /api/blogs 3/25/2024 8:49:27 PM 
GET /api/blogs/66016b1fb5ce08ffe8b8ab0d 3/25/2024 8:49:28 PM 
GET /api/blogs 3/25/2024 8:49:29 PM 
GET /api/blogs/66016b1fb5ce08ffe8b8ab0d 3/25/2024 8:49:30 PM 
GET /api/blogs 3/25/2024 8:49:30 PM 
GET /api/blogs 3/25/2024 8:49:40 PM 
GET /api/blogs/66016b1fb5ce08ffe8b8ab0d 3/25/2024 8:49:46 PM 
GET /api/blogs/66016b1fb5ce08ffe8b8ab0d 3/25/2024 8:49:57 PM 
GET /api/blogs/66016b1fb5ce08ffe8b8ab0d 3/25/2024 8:50:06 PM 
GET /api/blogs/66016b1fb5ce08ffe8b8ab0d 3/25/2024 8:50:15 PM 
POST /api/blogs/newblog 3/25/2024 8:51:50 PM 
GET /api/blogs 3/25/2024 8:52:01 PM 
GET /api/blogs/6601968e57ebf8390828015e 3/25/2024 8:52:04 PM 
GET /api/blogs 3/25/2024 8:52:16 PM 
GET /api/blogs 3/25/2024 8:53:33 PM 
GET /api/blogs 3/25/2024 8:53:54 PM 
GET /api/blogs 3/25/2024 8:57:54 PM 
GET /api/blogs 3/25/2024 8:59:04 PM 
GET /api/blogs/66016b1fb5ce08ffe8b8ab0d 3/25/2024 9:03:16 PM 
GET /api/blogs 3/25/2024 9:03:17 PM 
GET /api/blogs/66016b1fb5ce08ffe8b8ab0d 3/25/2024 9:03:19 PM 
GET /api/blogs 3/25/2024 9:03:21 PM 
POST /api/blogs/newblog 3/25/2024 9:07:07 PM 
POST /api/blogs/newblog 3/25/2024 9:07:07 PM 
POST /api/blogs/newblog 3/25/2024 9:07:08 PM 
POST /api/blogs/newblog 3/25/2024 9:07:09 PM 
POST /api/blogs/newblog 3/25/2024 9:07:09 PM 
POST /api/blogs/newblog 3/25/2024 9:07:10 PM 
POST /api/blogs/newblog 3/25/2024 9:07:10 PM 
POST /api/blogs/newblog 3/25/2024 9:07:11 PM 
POST /api/blogs/newblog 3/25/2024 9:07:12 PM 
GET /api/blogs 3/25/2024 9:07:18 PM 
GET /api/blogs 3/25/2024 9:25:11 PM 
GET /api/blogs 3/25/2024 9:27:00 PM 
GET /api/user/getuser 3/25/2024 9:27:06 PM 
POST /api/user/login 3/25/2024 9:27:10 PM 
GET /api/blogs 3/25/2024 9:27:10 PM 
GET /api/user/getuser 3/25/2024 9:27:15 PM 
GET /api/user/getuser 3/25/2024 9:27:15 PM 
GET /api/user/getuser 3/25/2024 9:27:23 PM 
GET /api/blogs 3/25/2024 9:27:24 PM 
GET /uploads/[object%20Object]/1711368991764-1678305223411.jpeg 3/25/2024 9:27:24 PM 
GET /uploads/[object%20Object]/1711380110266-1678305223411.jpeg 3/25/2024 9:27:24 PM 
GET /uploads/[object%20Object]/1711381027135-1678305223411.jpeg 3/25/2024 9:27:24 PM 
GET /uploads/[object%20Object]/1711381027769-1678305223411.jpeg 3/25/2024 9:27:24 PM 
GET /uploads/[object%20Object]/1711381028461-1678305223411.jpeg 3/25/2024 9:27:24 PM 
GET /uploads/[object%20Object]/1711381029116-1678305223411.jpeg 3/25/2024 9:27:24 PM 
GET /uploads/[object%20Object]/1711381029610-1678305223411.jpeg 3/25/2024 9:27:24 PM 
GET /uploads/[object%20Object]/1711381030147-1678305223411.jpeg 3/25/2024 9:27:24 PM 
GET /uploads/[object%20Object]/1711381030646-1678305223411.jpeg 3/25/2024 9:27:24 PM 
GET /uploads/[object%20Object]/1711381031066-1678305223411.jpeg 3/25/2024 9:27:24 PM 
GET /uploads/[object%20Object]/1711381032963-1678305223411.jpeg 3/25/2024 9:27:24 PM 
GET /api/blogs 3/25/2024 9:37:51 PM 
GET /api/blogs/6601968e57ebf8390828015e 3/25/2024 9:38:06 PM 
GET /api/blogs/6601968e57ebf8390828015e 3/25/2024 9:38:45 PM 
DELETE /api/blogs/6601968e57ebf8390828015e 3/25/2024 9:38:58 PM 
DELETE /api/admin/blog/6601968e57ebf8390828015e 3/25/2024 9:39:25 PM 
DELETE /api/admin/blog/6601968e57ebf8390828015e 3/25/2024 9:39:40 PM 
DELETE /api/admin/blog/6601968e57ebf8390828015e 3/25/2024 9:40:05 PM 
GET /api/user/getuser 3/25/2024 9:40:23 PM 
GET /api/user/getuser 3/25/2024 9:40:23 PM 
GET /api/blogs 3/25/2024 9:40:24 PM 
GET /uploads/[object%20Object]/1711368991764-1678305223411.jpeg 3/25/2024 9:40:24 PM 
GET /uploads/[object%20Object]/1711381028461-1678305223411.jpeg 3/25/2024 9:40:24 PM 
GET /uploads/[object%20Object]/1711381029610-1678305223411.jpeg 3/25/2024 9:40:24 PM 
GET /uploads/[object%20Object]/1711381027769-1678305223411.jpeg 3/25/2024 9:40:24 PM 
GET /uploads/[object%20Object]/1711381027135-1678305223411.jpeg 3/25/2024 9:40:24 PM 
GET /uploads/[object%20Object]/1711381029116-1678305223411.jpeg 3/25/2024 9:40:24 PM 
GET /uploads/[object%20Object]/1711381030147-1678305223411.jpeg 3/25/2024 9:40:24 PM 
GET /uploads/[object%20Object]/1711381030646-1678305223411.jpeg 3/25/2024 9:40:24 PM 
GET /uploads/[object%20Object]/1711381031066-1678305223411.jpeg 3/25/2024 9:40:24 PM 
GET /uploads/[object%20Object]/1711381032963-1678305223411.jpeg 3/25/2024 9:40:24 PM 
GET /api/user/getuser 3/25/2024 9:41:13 PM 
GET /api/user/getuser 3/25/2024 9:41:13 PM 
GET /api/blogs 3/25/2024 9:41:13 PM 
GET /uploads/[object%20Object]/1711368991764-1678305223411.jpeg 3/25/2024 9:41:14 PM 
GET /uploads/[object%20Object]/1711381027135-1678305223411.jpeg 3/25/2024 9:41:14 PM 
GET /uploads/[object%20Object]/1711381027769-1678305223411.jpeg 3/25/2024 9:41:14 PM 
GET /uploads/[object%20Object]/1711381028461-1678305223411.jpeg 3/25/2024 9:41:14 PM 
GET /uploads/[object%20Object]/1711381029116-1678305223411.jpeg 3/25/2024 9:41:14 PM 
GET /uploads/[object%20Object]/1711381029610-1678305223411.jpeg 3/25/2024 9:41:14 PM 
GET /uploads/[object%20Object]/1711381030147-1678305223411.jpeg 3/25/2024 9:41:14 PM 
GET /uploads/[object%20Object]/1711381030646-1678305223411.jpeg 3/25/2024 9:41:14 PM 
GET /uploads/[object%20Object]/1711381031066-1678305223411.jpeg 3/25/2024 9:41:14 PM 
GET /uploads/[object%20Object]/1711381032963-1678305223411.jpeg 3/25/2024 9:41:14 PM 
GET /uploads/undefined/1711381027135-1678305223411.jpeg 3/25/2024 9:41:49 PM 
GET /uploads/undefined/1711381028461-1678305223411.jpeg 3/25/2024 9:41:49 PM 
GET /uploads/undefined/1711381027769-1678305223411.jpeg 3/25/2024 9:41:49 PM 
GET /uploads/undefined/1711381029116-1678305223411.jpeg 3/25/2024 9:41:49 PM 
GET /uploads/undefined/1711381029610-1678305223411.jpeg 3/25/2024 9:41:49 PM 
GET /uploads/undefined/1711368991764-1678305223411.jpeg 3/25/2024 9:41:49 PM 
GET /uploads/undefined/1711381030147-1678305223411.jpeg 3/25/2024 9:41:49 PM 
GET /uploads/undefined/1711381030646-1678305223411.jpeg 3/25/2024 9:41:49 PM 
GET /uploads/undefined/1711381031066-1678305223411.jpeg 3/25/2024 9:41:49 PM 
GET /uploads/undefined/1711381032963-1678305223411.jpeg 3/25/2024 9:41:49 PM 
GET /api/user/getuser 3/25/2024 9:45:14 PM 
GET /api/user/getuser 3/25/2024 9:45:14 PM 
GET /api/blogs 3/25/2024 9:45:14 PM 
DELETE /api/admin/blog/66016b1fb5ce08ffe8b8ab0d 3/25/2024 9:45:28 PM 
DELETE /api/admin/blog/66016b1fb5ce08ffe8b8ab0d 3/25/2024 9:45:48 PM 
DELETE /api/admin/blog/66016b1fb5ce08ffe8b8ab0d 3/25/2024 9:45:49 PM 
DELETE /api/admin/blog/66016b1fb5ce08ffe8b8ab0d 3/25/2024 9:45:50 PM 
DELETE /api/admin/blog/66016b1fb5ce08ffe8b8ab0d 3/25/2024 9:45:51 PM 
DELETE /api/admin/blog/66016b1fb5ce08ffe8b8ab0d 3/25/2024 9:45:51 PM 
DELETE /api/admin/blog/66016b1fb5ce08ffe8b8ab0d 3/25/2024 9:45:53 PM 
DELETE /api/admin/blog/66016b1fb5ce08ffe8b8ab0d 3/25/2024 9:45:54 PM 
DELETE /api/admin/blog/66016b1fb5ce08ffe8b8ab0d 3/25/2024 9:45:55 PM 
DELETE /api/admin/blog/66016b1fb5ce08ffe8b8ab0d 3/25/2024 9:45:55 PM 
DELETE /api/admin/blog/66016b1fb5ce08ffe8b8ab0d 3/25/2024 9:45:55 PM 
DELETE /api/admin/blog/66016b1fb5ce08ffe8b8ab0d 3/25/2024 9:45:56 PM 
DELETE /api/admin/blog/66016b1fb5ce08ffe8b8ab0d 3/25/2024 9:45:59 PM 
DELETE /api/admin/blog/66016b1fb5ce08ffe8b8ab0d 3/25/2024 9:46:03 PM 
DELETE /api/admin/blog/66016b1fb5ce08ffe8b8ab0d 3/25/2024 9:46:03 PM 
DELETE /api/admin/blog/66016b1fb5ce08ffe8b8ab0d 3/25/2024 9:46:04 PM 
DELETE /api/admin/blog/66016b1fb5ce08ffe8b8ab0d 3/25/2024 9:46:04 PM 
DELETE /api/admin/blog/66016b1fb5ce08ffe8b8ab0d 3/25/2024 9:46:04 PM 
DELETE /api/admin/blog/66016b1fb5ce08ffe8b8ab0d 3/25/2024 9:46:05 PM 
DELETE /api/admin/blog/66016b1fb5ce08ffe8b8ab0d 3/25/2024 9:46:05 PM 
DELETE /api/admin/blog/66016b1fb5ce08ffe8b8ab0d 3/25/2024 9:46:05 PM 
DELETE /api/admin/blog/66016b1fb5ce08ffe8b8ab0d 3/25/2024 9:46:05 PM 
DELETE /api/admin/blog/66016b1fb5ce08ffe8b8ab0d 3/25/2024 9:46:06 PM 
DELETE /api/admin/blog/66016b1fb5ce08ffe8b8ab0d 3/25/2024 9:46:06 PM 
DELETE /api/admin/blog/66016b1fb5ce08ffe8b8ab0d 3/25/2024 9:46:06 PM 
DELETE /api/admin/blog/66016b1fb5ce08ffe8b8ab0d 3/25/2024 9:46:06 PM 
DELETE /api/admin/blog/66019a2357ebf83908280177 3/25/2024 9:46:15 PM 
DELETE /api/admin/blog/66016b1fb5ce08ffe8b8ab0d 3/25/2024 9:46:17 PM 
GET /api/user/getuser 3/25/2024 9:46:21 PM 
GET /api/user/getuser 3/25/2024 9:46:21 PM 
GET /api/blogs 3/25/2024 9:46:21 PM 
GET /api/user/getuser 3/25/2024 9:47:15 PM 
GET /api/user/getuser 3/25/2024 9:47:15 PM 
GET /api/blogs 3/25/2024 9:47:15 PM 
GET /api/user/getuser 3/25/2024 9:47:19 PM 
GET /api/user/getuser 3/25/2024 9:47:19 PM 
GET /api/blogs 3/25/2024 9:47:19 PM 
DELETE /api/admin/blog/66019a2357ebf8390828017a 3/25/2024 9:48:02 PM 
GET /api/user/getuser 3/25/2024 9:48:33 PM 
GET /api/user/getuser 3/25/2024 9:48:33 PM 
GET /api/blogs 3/25/2024 9:48:33 PM 
DELETE /api/admin/blog/66019a2357ebf8390828017a 3/25/2024 9:49:29 PM 
DELETE /api/admin/blog/66019a2357ebf8390828017a 3/25/2024 9:49:57 PM 
GET /api/user/getuser 3/25/2024 9:50:28 PM 
GET /api/user/getuser 3/25/2024 9:50:28 PM 
GET /api/blogs 3/25/2024 9:50:28 PM 
DELETE /api/admin/blog/66019a2857ebf8390828018f 3/25/2024 9:50:38 PM 
DELETE /api/admin/blog/66019a2757ebf8390828018c 3/25/2024 9:50:40 PM 
DELETE /api/admin/blog/66019a2657ebf83908280189 3/25/2024 9:50:41 PM 
DELETE /api/admin/blog/66019a2657ebf83908280186 3/25/2024 9:50:45 PM 
DELETE /api/admin/blog/66019a2557ebf83908280183 3/25/2024 9:50:46 PM 
DELETE /api/admin/blog/66019a2557ebf83908280180 3/25/2024 9:50:50 PM 
DELETE /api/admin/blog/66019a2457ebf8390828017d 3/25/2024 9:50:51 PM 
GET /api/user/getuser 3/25/2024 9:50:52 PM 
GET /api/user/getuser 3/25/2024 9:50:52 PM 
GET /api/blogs 3/25/2024 9:50:52 PM 
GET /api/blogs 3/25/2024 9:57:31 PM 
GET /api/blogs 3/25/2024 9:57:40 PM 
GET /api/blogs 3/25/2024 9:58:46 PM 
GET /api/blogs 3/25/2024 9:58:46 PM 
GET /api/blogs 3/25/2024 9:58:46 PM 
GET /api/blogs 3/25/2024 9:58:46 PM 
POST /api/blogs/newblog 3/25/2024 9:58:54 PM 
GET /api/user/getuser 3/25/2024 9:59:07 PM 
GET /api/user/getuser 3/25/2024 9:59:07 PM 
GET /api/blogs 3/25/2024 9:59:07 PM 
GET /api/blogs 3/25/2024 9:59:59 PM 
GET /api/blogs 3/25/2024 10:00:04 PM 
GET /api/blogs 3/25/2024 10:00:06 PM 
GET /api/blogs 3/25/2024 10:00:13 PM 
GET /api/blogs 3/25/2024 10:00:25 PM 
GET /api/blogs 3/25/2024 10:00:52 PM 
GET /api/blogs 3/25/2024 10:00:57 PM 
GET /api/blogs 3/25/2024 10:01:27 PM 
GET /api/blogs 3/25/2024 10:01:47 PM 
GET /api/blogs 3/25/2024 10:01:49 PM 
GET /api/blogs 3/25/2024 10:01:50 PM 
GET /api/blogs 3/25/2024 10:01:53 PM 
GET /api/blogs 3/25/2024 10:01:57 PM 
POST /api/blogs/newblog 3/25/2024 10:02:04 PM 
POST /api/blogs/newblog 3/25/2024 10:02:05 PM 
POST /api/blogs/newblog 3/25/2024 10:02:05 PM 
POST /api/blogs/newblog 3/25/2024 10:02:06 PM 
GET /api/user/getuser 3/25/2024 10:02:08 PM 
GET /api/user/getuser 3/25/2024 10:02:08 PM 
GET /api/blogs 3/25/2024 10:02:08 PM 
GET /api/blogs 3/25/2024 10:02:19 PM 
GET /api/blogs 3/25/2024 10:02:20 PM 
GET /api/blogs 3/25/2024 10:02:41 PM 
GET /api/blogs 3/25/2024 10:02:51 PM 
DELETE /api/admin/blog/6601a646171a2ca9e01702b7 3/25/2024 10:02:58 PM 
GET /api/user/getuser 3/25/2024 10:06:12 PM 
GET /api/user/getuser 3/25/2024 10:06:12 PM 
GET /api/user/getuser 3/25/2024 10:06:12 PM 
GET /api/user/getuser 3/25/2024 10:06:13 PM 
GET /api/blogs 3/25/2024 10:06:13 PM 
GET /api/user/getuser 3/25/2024 10:11:19 PM 
GET /api/user/getuser 3/25/2024 10:11:19 PM 
GET /api/blogs 3/25/2024 10:11:19 PM 
GET /api/blogs 3/25/2024 10:12:05 PM 
DELETE /api/admin/blog/6601a705171a2ca9e01702dd 3/25/2024 10:12:08 PM 
GET /api/blogs 3/25/2024 10:12:08 PM 
DELETE /api/admin/blog/6601a705171a2ca9e01702e0 3/25/2024 10:12:10 PM 
GET /api/blogs 3/25/2024 10:12:10 PM 
DELETE /api/admin/blog/6601a706171a2ca9e01702e3 3/25/2024 10:12:12 PM 
GET /api/blogs 3/25/2024 10:12:12 PM 
DELETE /api/admin/blog/6601a704171a2ca9e01702da 3/25/2024 10:12:13 PM 
GET /api/blogs 3/25/2024 10:12:13 PM 
DELETE /api/admin/blog/6601968e57ebf8390828015e 3/25/2024 10:14:05 PM 
DELETE /api/admin/blog/6601968e57ebf8390828015e 3/25/2024 10:14:18 PM 
DELETE /api/admin/blog/6601968e57ebf8390828015e 3/25/2024 10:14:51 PM 
DELETE /api/admin/blog/6601968e57ebf8390828015e 3/25/2024 10:15:04 PM 
DELETE /api/admin/blog/6601968e57ebf8390828015e 3/25/2024 10:17:34 PM 
GET /api/user/getuser 3/25/2024 10:18:45 PM 
GET /api/user/getuser 3/25/2024 10:18:45 PM 
GET /api/blogs 3/25/2024 10:18:45 PM 
POST /api/blogs/newblog 3/25/2024 10:18:47 PM 
POST /api/blogs/newblog 3/25/2024 10:19:20 PM 
POST /api/blogs/newblog 3/25/2024 10:19:35 PM 
POST /api/blogs/newblog 3/25/2024 10:19:56 PM 
POST /api/blogs/newblog 3/25/2024 10:23:04 PM 
POST /api/blogs/newblog 3/25/2024 10:23:31 PM 
POST /api/blogs/newblog 3/25/2024 10:23:48 PM 
POST /api/blogs/newblog 3/25/2024 10:26:10 PM 
POST /api/blogs/newblog 3/25/2024 10:26:31 PM 
POST /api/blogs/newblog 3/25/2024 10:26:59 PM 
POST /api/blogs/newblog 3/25/2024 10:31:56 PM 
POST /api/blogs/newblog 3/25/2024 10:32:18 PM 
POST /api/blogs/newblog 3/25/2024 10:32:34 PM 
GET /api/user/getuser 3/25/2024 10:33:50 PM 
GET /api/user/getuser 3/25/2024 10:33:50 PM 
GET /api/blogs 3/25/2024 10:33:50 PM 
GET /api/user/getuser 3/25/2024 10:33:53 PM 
GET /api/user/getuser 3/25/2024 10:33:53 PM 
GET /api/blogs 3/25/2024 10:33:53 PM 
GET /api/user/getuser 3/25/2024 10:34:21 PM 
GET /api/user/getuser 3/25/2024 10:34:21 PM 
GET /api/blogs 3/25/2024 10:34:21 PM 
GET /api/user/getuser 3/25/2024 10:34:47 PM 
GET /api/user/getuser 3/25/2024 10:34:47 PM 
GET /api/blogs 3/25/2024 10:34:47 PM 
GET /api/user/getuser 3/25/2024 10:35:28 PM 
GET /api/user/getuser 3/25/2024 10:35:41 PM 
GET /api/user/getuser 3/25/2024 10:35:53 PM 
GET /api/user/getuser 3/25/2024 10:41:17 PM 
GET /api/blogs 3/25/2024 10:41:19 PM 
GET /api/user/getuser 3/25/2024 10:41:20 PM 
GET /api/user/getuser 3/25/2024 10:41:22 PM 
GET /api/blogs 3/25/2024 10:54:35 PM 
GET /api/user/getuser 3/25/2024 10:54:44 PM 
GET /api/user/getuser 3/25/2024 10:54:44 PM 
GET /api/user/getuser 3/25/2024 10:55:15 PM 
GET /api/user/getuser 3/25/2024 10:55:15 PM 
GET /api/blogs 3/25/2024 10:55:15 PM 
GET /api/admin/messages 3/25/2024 10:55:29 PM 
GET /api/blogs 3/25/2024 10:55:33 PM 
GET /api/admin/messages 3/25/2024 10:55:36 PM 
GET /api/user/getuser 3/25/2024 10:55:40 PM 
GET /api/user/getuser 3/25/2024 10:55:41 PM 
GET /api/user/getuser 3/25/2024 10:55:45 PM 
GET /api/admin/messages 3/25/2024 10:55:48 PM 
GET /api/blogs 3/25/2024 10:55:50 PM 
GET /api/user/getuser 3/25/2024 10:56:21 PM 
GET /api/user/getuser 3/25/2024 10:56:22 PM 
GET /api/blogs 3/25/2024 10:56:22 PM 
GET /api/user/getuser 3/25/2024 10:56:27 PM 
GET /api/user/getuser 3/25/2024 10:56:27 PM 
GET /api/blogs 3/25/2024 10:56:27 PM 
GET /api/user/getuser 3/25/2024 10:56:39 PM 
GET /api/user/getuser 3/25/2024 10:56:39 PM 
GET /api/blogs 3/25/2024 10:56:39 PM 
GET /api/user/getuser 3/25/2024 10:57:46 PM 
GET /api/user/getuser 3/25/2024 10:57:49 PM 
GET /api/admin/messages 3/25/2024 10:57:50 PM 
GET /api/blogs 3/25/2024 10:57:53 PM 
GET /api/user/getuser 3/25/2024 10:57:56 PM 
GET /api/user/getuser 3/25/2024 10:57:57 PM 
GET /api/user/getuser 3/25/2024 10:57:58 PM 
GET /api/user/getuser 3/25/2024 10:57:59 PM 
GET /api/user/getuser 3/25/2024 10:57:59 PM 
GET /api/user/getuser 3/25/2024 10:58:00 PM 
GET /api/admin/messages 3/25/2024 10:58:04 PM 
GET /api/blogs 3/25/2024 10:58:06 PM 
GET /api/user/getuser 3/25/2024 10:58:12 PM 
GET /api/admin/messages 3/25/2024 10:58:14 PM 
GET /api/blogs 3/25/2024 10:58:16 PM 
GET /api/admin/messages 3/25/2024 10:58:18 PM 
GET /api/blogs 3/25/2024 10:58:20 PM 
GET /api/user/getuser 3/25/2024 10:58:23 PM 
GET /api/user/getuser 3/25/2024 10:58:24 PM 
GET /api/user/getuser 3/25/2024 10:59:17 PM 
GET /api/blogs 3/25/2024 11:00:26 PM 
POST /api/blogs/newblog 3/25/2024 11:00:35 PM 
POST /api/blogs/newblog 3/25/2024 11:00:35 PM 
POST /api/blogs/newblog 3/25/2024 11:00:36 PM 
POST /api/blogs/newblog 3/25/2024 11:00:44 PM 
POST /api/blogs/newblog 3/25/2024 11:00:45 PM 
POST /api/blogs/newblog 3/25/2024 11:00:46 PM 
POST /api/blogs/newblog 3/25/2024 11:00:47 PM 
POST /api/blogs/newblog 3/25/2024 11:00:48 PM 
POST /api/blogs/newblog 3/25/2024 11:00:49 PM 
POST /api/blogs/newblog 3/25/2024 11:00:49 PM 
POST /api/blogs/newblog 3/25/2024 11:00:50 PM 
POST /api/blogs/newblog 3/25/2024 11:00:51 PM 
POST /api/blogs/newblog 3/25/2024 11:00:52 PM 
POST /api/blogs/newblog 3/25/2024 11:00:52 PM 
POST /api/blogs/newblog 3/25/2024 11:00:53 PM 
POST /api/blogs/newblog 3/25/2024 11:00:54 PM 
POST /api/blogs/newblog 3/25/2024 11:00:54 PM 
POST /api/blogs/newblog 3/25/2024 11:00:55 PM 
GET /api/blogs 3/25/2024 11:01:03 PM 
GET /api/blogs 3/25/2024 11:01:57 PM 
GET /api/blogs 3/25/2024 11:02:45 PM 
GET /api/user/logout 3/25/2024 11:03:18 PM 
GET /api/admin/messages 3/25/2024 11:03:28 PM 
GET /api/admin/messages 3/25/2024 11:03:45 PM 
GET /api/admin/messages 3/25/2024 11:05:07 PM 
GET /api/admin/messages 3/25/2024 11:05:23 PM 
GET /api/admin/messages 3/25/2024 11:11:22 PM 
POST /api/user/login 3/25/2024 11:13:20 PM 
GET /api/blogs 3/25/2024 11:13:20 PM 
GET /api/user/getuser 3/25/2024 11:13:25 PM 
GET /api/user/getuser 3/25/2024 11:13:25 PM 
GET /api/admin/messages 3/25/2024 11:13:25 PM 
GET /api/admin/messages 3/25/2024 11:13:25 PM 
GET /api/admin/messages 3/25/2024 11:13:25 PM 
GET /api/admin/messages 3/25/2024 11:13:25 PM 
GET /api/admin/messages 3/25/2024 11:13:25 PM 
GET /api/user/getuser 3/25/2024 11:13:45 PM 
GET /api/user/getuser 3/25/2024 11:13:45 PM 
GET /api/admin/messages 3/25/2024 11:13:45 PM 
GET /api/user/getuser 3/25/2024 11:13:45 PM 
GET /api/admin/messages 3/25/2024 11:13:45 PM 
GET /api/admin/messages 3/25/2024 11:13:45 PM 
GET /api/admin/messages 3/25/2024 11:13:45 PM 
GET /api/admin/messages 3/25/2024 11:13:45 PM 
GET /api/user/getuser 3/25/2024 11:13:55 PM 
GET /api/admin/messages 3/25/2024 11:13:55 PM 
GET /api/admin/messages 3/25/2024 11:13:55 PM 
GET /api/admin/messages 3/25/2024 11:13:55 PM 
GET /api/user/getuser 3/25/2024 11:13:55 PM 
GET /api/admin/messages 3/25/2024 11:13:55 PM 
GET /api/user/getuser 3/25/2024 11:13:55 PM 
GET /api/admin/messages 3/25/2024 11:13:55 PM 
GET /api/user/getuser 3/25/2024 11:13:55 PM 
GET /api/admin/messages 3/25/2024 11:13:55 PM 
GET /api/admin/messages 3/25/2024 11:13:55 PM 
GET /api/user/getuser 3/25/2024 11:13:55 PM 
GET /api/admin/messages 3/25/2024 11:13:55 PM 
GET /api/user/getuser 3/25/2024 11:13:55 PM 
GET /api/admin/messages 3/25/2024 11:13:55 PM 
GET /api/user/getuser 3/25/2024 11:13:55 PM 
GET /api/admin/messages 3/25/2024 11:13:55 PM 
GET /api/user/getuser 3/25/2024 11:13:55 PM 
GET /api/admin/messages 3/25/2024 11:13:55 PM 
GET /api/admin/messages 3/25/2024 11:13:55 PM 
GET /api/admin/messages 3/25/2024 11:13:55 PM 
GET /api/admin/messages 3/25/2024 11:13:55 PM 
GET /api/admin/messages 3/25/2024 11:13:55 PM 
GET /api/admin/messages 3/25/2024 11:13:55 PM 
GET /api/admin/messages 3/25/2024 11:13:55 PM 
GET /api/user/getuser 3/25/2024 11:14:20 PM 
GET /api/admin/messages 3/25/2024 11:14:20 PM 
GET /api/admin/messages 3/25/2024 11:14:20 PM 
GET /api/user/getuser 3/25/2024 11:14:20 PM 
GET /api/user/getuser 3/25/2024 11:14:20 PM 
GET /api/admin/messages 3/25/2024 11:14:20 PM 
GET /api/user/getuser 3/25/2024 11:14:20 PM 
GET /api/admin/messages 3/25/2024 11:14:20 PM 
GET /api/admin/messages 3/25/2024 11:14:20 PM 
GET /api/admin/messages 3/25/2024 11:14:20 PM 
GET /api/admin/messages 3/25/2024 11:14:20 PM 
GET /api/admin/messages 3/25/2024 11:14:20 PM 
GET /api/admin/messages 3/25/2024 11:14:25 PM 
GET /api/user/getuser 3/25/2024 11:14:25 PM 
GET /api/user/getuser 3/25/2024 11:14:25 PM 
GET /api/admin/messages 3/25/2024 11:14:25 PM 
GET /api/user/getuser 3/25/2024 11:14:25 PM 
GET /api/admin/messages 3/25/2024 11:14:25 PM 
GET /api/user/getuser 3/25/2024 11:14:25 PM 
GET /api/admin/messages 3/25/2024 11:14:25 PM 
GET /api/admin/messages 3/25/2024 11:14:25 PM 
GET /api/admin/messages 3/25/2024 11:14:25 PM 
GET /api/admin/messages 3/25/2024 11:14:25 PM 
GET /api/admin/messages 3/25/2024 11:14:25 PM 
GET /api/user/getuser 3/25/2024 11:15:45 PM 
GET /api/user/getuser 3/25/2024 11:15:45 PM 
GET /api/user/getuser 3/25/2024 11:15:53 PM 
GET /api/user/getuser 3/25/2024 11:15:53 PM 
GET /api/user/getuser 3/25/2024 11:16:23 PM 
GET /api/user/getuser 3/25/2024 11:16:23 PM 
GET /api/user/getuser 3/25/2024 11:16:23 PM 
GET /api/user/getuser 3/25/2024 11:16:25 PM 
GET /api/user/getuser 3/25/2024 11:16:25 PM 
GET /api/user/getuser 3/25/2024 11:16:34 PM 
GET /api/user/getuser 3/25/2024 11:16:34 PM 
GET /api/user/getuser 3/25/2024 11:16:34 PM 
GET /api/user/getuser 3/25/2024 11:16:36 PM 
GET /api/user/getuser 3/25/2024 11:16:36 PM 
GET /api/user/getuser 3/25/2024 11:16:59 PM 
GET /api/user/getuser 3/25/2024 11:16:59 PM 
GET /api/user/getuser 3/25/2024 11:17:38 PM 
GET /api/user/getuser 3/25/2024 11:17:38 PM 
GET /api/user/getuser 3/25/2024 11:17:38 PM 
GET /api/user/getuser 3/25/2024 11:17:43 PM 
GET /api/user/getuser 3/25/2024 11:17:43 PM 
GET /api/user/getuser 3/25/2024 11:17:43 PM 
GET /api/user/getuser 3/25/2024 11:17:43 PM 
GET /api/user/getuser 3/25/2024 11:17:45 PM 
GET /api/user/getuser 3/25/2024 11:17:45 PM 
GET /api/user/getuser 3/25/2024 11:17:45 PM 
GET /api/user/getuser 3/25/2024 11:17:45 PM 
GET /api/user/getuser 3/25/2024 11:18:01 PM 
GET /api/user/getuser 3/25/2024 11:18:01 PM 
GET /api/user/getuser 3/25/2024 11:18:01 PM 
GET /api/user/getuser 3/25/2024 11:18:01 PM 
GET /api/user/getuser 3/25/2024 11:18:03 PM 
GET /api/user/getuser 3/25/2024 11:18:03 PM 
GET /api/user/getuser 3/25/2024 11:18:03 PM 
GET /api/user/getuser 3/25/2024 11:18:03 PM 
GET /api/user/getuser 3/25/2024 11:18:04 PM 
GET /api/user/getuser 3/25/2024 11:18:04 PM 
GET /api/user/getuser 3/25/2024 11:18:04 PM 
GET /api/user/getuser 3/25/2024 11:18:04 PM 
GET /api/user/getuser 3/25/2024 11:18:08 PM 
GET /api/user/getuser 3/25/2024 11:18:08 PM 
GET /api/user/getuser 3/25/2024 11:18:08 PM 
GET /api/user/getuser 3/25/2024 11:18:08 PM 
GET /api/user/getuser 3/25/2024 11:18:10 PM 
GET /api/user/getuser 3/25/2024 11:18:10 PM 
GET /api/user/getuser 3/25/2024 11:18:10 PM 
GET /api/user/getuser 3/25/2024 11:18:10 PM 
GET /api/user/getuser 3/25/2024 11:18:12 PM 
GET /api/user/getuser 3/25/2024 11:18:12 PM 
GET /api/user/getuser 3/25/2024 11:18:12 PM 
GET /api/user/getuser 3/25/2024 11:18:12 PM 
GET /api/user/getuser 3/25/2024 11:18:49 PM 
GET /api/user/getuser 3/25/2024 11:18:49 PM 
GET /api/user/getuser 3/25/2024 11:18:49 PM 
GET /api/user/getuser 3/25/2024 11:18:49 PM 
GET /api/user/getuser 3/25/2024 11:18:55 PM 
GET /api/admin/messages 3/25/2024 11:18:55 PM 
GET /api/admin/messages 3/25/2024 11:18:55 PM 
GET /api/admin/messages 3/25/2024 11:18:55 PM 
GET /api/admin/messages 3/25/2024 11:18:55 PM 
GET /api/admin/messages 3/25/2024 11:18:55 PM 
GET /api/admin/messages 3/25/2024 11:18:55 PM 
GET /api/admin/messages 3/25/2024 11:18:55 PM 
GET /api/admin/messages 3/25/2024 11:18:55 PM 
GET /api/admin/messages 3/25/2024 11:18:55 PM 
GET /api/admin/messages 3/25/2024 11:18:55 PM 
GET /api/admin/messages 3/25/2024 11:18:55 PM 
GET /api/admin/messages 3/25/2024 11:18:55 PM 
GET /api/admin/messages 3/25/2024 11:18:55 PM 
GET /api/admin/messages 3/25/2024 11:18:55 PM 
GET /api/admin/messages 3/25/2024 11:18:55 PM 
GET /api/admin/messages 3/25/2024 11:18:55 PM 
GET /api/admin/messages 3/25/2024 11:18:55 PM 
GET /api/admin/messages 3/25/2024 11:18:55 PM 
GET /api/admin/messages 3/25/2024 11:18:55 PM 
GET /api/admin/messages 3/25/2024 11:18:55 PM 
GET /api/admin/messages 3/25/2024 11:18:55 PM 
GET /api/admin/messages 3/25/2024 11:18:55 PM 
GET /api/admin/messages 3/25/2024 11:18:55 PM 
GET /api/admin/messages 3/25/2024 11:18:55 PM 
GET /api/admin/messages 3/25/2024 11:18:56 PM 
GET /api/admin/messages 3/25/2024 11:18:56 PM 
GET /api/admin/messages 3/25/2024 11:18:56 PM 
GET /api/admin/messages 3/25/2024 11:18:56 PM 
GET /api/admin/messages 3/25/2024 11:18:56 PM 
GET /api/admin/messages 3/25/2024 11:18:56 PM 
GET /api/admin/messages 3/25/2024 11:18:56 PM 
GET /api/admin/messages 3/25/2024 11:18:56 PM 
GET /api/admin/messages 3/25/2024 11:18:56 PM 
GET /api/admin/messages 3/25/2024 11:18:56 PM 
GET /api/admin/messages 3/25/2024 11:18:56 PM 
GET /api/admin/messages 3/25/2024 11:18:56 PM 
GET /api/admin/messages 3/25/2024 11:18:56 PM 
GET /api/admin/messages 3/25/2024 11:18:56 PM 
GET /api/admin/messages 3/25/2024 11:18:56 PM 
GET /api/admin/messages 3/25/2024 11:18:56 PM 
GET /api/admin/messages 3/25/2024 11:18:56 PM 
GET /api/admin/messages 3/25/2024 11:18:56 PM 
GET /api/admin/messages 3/25/2024 11:18:56 PM 
GET /api/admin/messages 3/25/2024 11:18:56 PM 
GET /api/admin/messages 3/25/2024 11:18:56 PM 
GET /api/admin/messages 3/25/2024 11:18:56 PM 
GET /api/admin/messages 3/25/2024 11:18:56 PM 
GET /api/admin/messages 3/25/2024 11:18:56 PM 
GET /api/admin/messages 3/25/2024 11:18:56 PM 
GET /api/admin/messages 3/25/2024 11:18:56 PM 
GET /api/admin/messages 3/25/2024 11:18:56 PM 
GET /api/admin/messages 3/25/2024 11:18:56 PM 
GET /api/admin/messages 3/25/2024 11:18:56 PM 
GET /api/admin/messages 3/25/2024 11:18:56 PM 
GET /api/admin/messages 3/25/2024 11:18:56 PM 
GET /api/admin/messages 3/25/2024 11:18:56 PM 
GET /api/admin/messages 3/25/2024 11:18:56 PM 
GET /api/admin/messages 3/25/2024 11:18:56 PM 
GET /api/admin/messages 3/25/2024 11:18:56 PM 
GET /api/admin/messages 3/25/2024 11:18:56 PM 
GET /api/admin/messages 3/25/2024 11:18:56 PM 
GET /api/admin/messages 3/25/2024 11:18:56 PM 
GET /api/admin/messages 3/25/2024 11:18:56 PM 
GET /api/admin/messages 3/25/2024 11:18:56 PM 
GET /api/admin/messages 3/25/2024 11:18:56 PM 
GET /api/admin/messages 3/25/2024 11:18:56 PM 
GET /api/admin/messages 3/25/2024 11:18:56 PM 
GET /api/admin/messages 3/25/2024 11:18:56 PM 
GET /api/admin/messages 3/25/2024 11:18:56 PM 
GET /api/admin/messages 3/25/2024 11:18:56 PM 
GET /api/admin/messages 3/25/2024 11:18:56 PM 
GET /api/admin/messages 3/25/2024 11:18:57 PM 
GET /api/admin/messages 3/25/2024 11:18:57 PM 
GET /api/admin/messages 3/25/2024 11:18:57 PM 
GET /api/admin/messages 3/25/2024 11:18:57 PM 
GET /api/admin/messages 3/25/2024 11:18:57 PM 
GET /api/admin/messages 3/25/2024 11:18:57 PM 
GET /api/admin/messages 3/25/2024 11:18:57 PM 
GET /api/admin/messages 3/25/2024 11:18:57 PM 
GET /api/admin/messages 3/25/2024 11:18:57 PM 
GET /api/admin/messages 3/25/2024 11:18:57 PM 
GET /api/admin/messages 3/25/2024 11:18:57 PM 
GET /api/admin/messages 3/25/2024 11:18:57 PM 
GET /api/admin/messages 3/25/2024 11:18:57 PM 
GET /api/admin/messages 3/25/2024 11:18:57 PM 
GET /api/admin/messages 3/25/2024 11:18:57 PM 
GET /api/admin/messages 3/25/2024 11:18:57 PM 
GET /api/admin/messages 3/25/2024 11:18:57 PM 
GET /api/admin/messages 3/25/2024 11:18:57 PM 
GET /api/admin/messages 3/25/2024 11:18:57 PM 
GET /api/admin/messages 3/25/2024 11:18:57 PM 
GET /api/admin/messages 3/25/2024 11:18:57 PM 
GET /api/admin/messages 3/25/2024 11:18:57 PM 
GET /api/admin/messages 3/25/2024 11:18:57 PM 
GET /api/admin/messages 3/25/2024 11:18:57 PM 
GET /api/admin/messages 3/25/2024 11:18:57 PM 
GET /api/admin/messages 3/25/2024 11:18:57 PM 
GET /api/admin/messages 3/25/2024 11:18:57 PM 
GET /api/admin/messages 3/25/2024 11:18:57 PM 
GET /api/admin/messages 3/25/2024 11:18:57 PM 
GET /api/admin/messages 3/25/2024 11:18:57 PM 
GET /api/admin/messages 3/25/2024 11:18:57 PM 
GET /api/admin/messages 3/25/2024 11:18:57 PM 
GET /api/admin/messages 3/25/2024 11:18:57 PM 
GET /api/admin/messages 3/25/2024 11:18:57 PM 
GET /api/admin/messages 3/25/2024 11:18:57 PM 
GET /api/admin/messages 3/25/2024 11:18:57 PM 
GET /api/admin/messages 3/25/2024 11:18:57 PM 
GET /api/admin/messages 3/25/2024 11:18:57 PM 
GET /api/admin/messages 3/25/2024 11:18:57 PM 
GET /api/admin/messages 3/25/2024 11:18:57 PM 
GET /api/admin/messages 3/25/2024 11:18:57 PM 
GET /api/admin/messages 3/25/2024 11:18:57 PM 
GET /api/admin/messages 3/25/2024 11:18:57 PM 
GET /api/admin/messages 3/25/2024 11:18:57 PM 
GET /api/admin/messages 3/25/2024 11:18:57 PM 
GET /api/admin/messages 3/25/2024 11:18:57 PM 
GET /api/admin/messages 3/25/2024 11:18:57 PM 
GET /api/admin/messages 3/25/2024 11:18:57 PM 
GET /api/admin/messages 3/25/2024 11:18:57 PM 
GET /api/admin/messages 3/25/2024 11:18:57 PM 
GET /api/admin/messages 3/25/2024 11:18:57 PM 
GET /api/admin/messages 3/25/2024 11:18:57 PM 
GET /api/admin/messages 3/25/2024 11:18:57 PM 
GET /api/admin/messages 3/25/2024 11:18:57 PM 
GET /api/admin/messages 3/25/2024 11:18:57 PM 
GET /api/admin/messages 3/25/2024 11:18:57 PM 
GET /api/admin/messages 3/25/2024 11:18:57 PM 
GET /api/admin/messages 3/25/2024 11:18:57 PM 
GET /api/admin/messages 3/25/2024 11:18:57 PM 
GET /api/admin/messages 3/25/2024 11:18:57 PM 
GET /api/admin/messages 3/25/2024 11:18:57 PM 
GET /api/admin/messages 3/25/2024 11:18:57 PM 
GET /api/admin/messages 3/25/2024 11:18:57 PM 
GET /api/admin/messages 3/25/2024 11:18:57 PM 
GET /api/admin/messages 3/25/2024 11:18:57 PM 
GET /api/admin/messages 3/25/2024 11:18:57 PM 
GET /api/admin/messages 3/25/2024 11:18:57 PM 
GET /api/admin/messages 3/25/2024 11:18:57 PM 
GET /api/admin/messages 3/25/2024 11:18:57 PM 
GET /api/admin/messages 3/25/2024 11:18:57 PM 
GET /api/admin/messages 3/25/2024 11:18:57 PM 
GET /api/admin/messages 3/25/2024 11:18:58 PM 
GET /api/admin/messages 3/25/2024 11:18:58 PM 
GET /api/admin/messages 3/25/2024 11:18:58 PM 
GET /api/admin/messages 3/25/2024 11:18:58 PM 
GET /api/admin/messages 3/25/2024 11:18:58 PM 
GET /api/admin/messages 3/25/2024 11:18:58 PM 
GET /api/admin/messages 3/25/2024 11:18:58 PM 
GET /api/admin/messages 3/25/2024 11:18:58 PM 
GET /api/admin/messages 3/25/2024 11:18:58 PM 
GET /api/admin/messages 3/25/2024 11:18:58 PM 
GET /api/admin/messages 3/25/2024 11:18:58 PM 
GET /api/admin/messages 3/25/2024 11:18:58 PM 
GET /api/admin/messages 3/25/2024 11:18:58 PM 
GET /api/admin/messages 3/25/2024 11:18:58 PM 
GET /api/admin/messages 3/25/2024 11:18:58 PM 
GET /api/admin/messages 3/25/2024 11:18:58 PM 
GET /api/admin/messages 3/25/2024 11:18:58 PM 
GET /api/admin/messages 3/25/2024 11:18:58 PM 
GET /api/admin/messages 3/25/2024 11:18:58 PM 
GET /api/admin/messages 3/25/2024 11:18:58 PM 
GET /api/admin/messages 3/25/2024 11:18:58 PM 
GET /api/admin/messages 3/25/2024 11:18:58 PM 
GET /api/admin/messages 3/25/2024 11:18:58 PM 
GET /api/admin/messages 3/25/2024 11:18:58 PM 
GET /api/admin/messages 3/25/2024 11:18:58 PM 
GET /api/admin/messages 3/25/2024 11:18:58 PM 
GET /api/admin/messages 3/25/2024 11:18:58 PM 
GET /api/admin/messages 3/25/2024 11:18:58 PM 
GET /api/admin/messages 3/25/2024 11:18:58 PM 
GET /api/admin/messages 3/25/2024 11:18:58 PM 
GET /api/admin/messages 3/25/2024 11:18:58 PM 
GET /api/admin/messages 3/25/2024 11:18:58 PM 
GET /api/admin/messages 3/25/2024 11:18:58 PM 
GET /api/admin/messages 3/25/2024 11:18:58 PM 
GET /api/admin/messages 3/25/2024 11:18:58 PM 
GET /api/admin/messages 3/25/2024 11:18:58 PM 
GET /api/admin/messages 3/25/2024 11:18:58 PM 
GET /api/admin/messages 3/25/2024 11:18:58 PM 
GET /api/admin/messages 3/25/2024 11:18:58 PM 
GET /api/admin/messages 3/25/2024 11:18:58 PM 
GET /api/admin/messages 3/25/2024 11:18:58 PM 
GET /api/admin/messages 3/25/2024 11:18:58 PM 
GET /api/admin/messages 3/25/2024 11:18:58 PM 
GET /api/admin/messages 3/25/2024 11:18:58 PM 
GET /api/admin/messages 3/25/2024 11:18:58 PM 
GET /api/admin/messages 3/25/2024 11:18:58 PM 
GET /api/admin/messages 3/25/2024 11:18:58 PM 
GET /api/admin/messages 3/25/2024 11:18:58 PM 
GET /api/admin/messages 3/25/2024 11:18:58 PM 
GET /api/admin/messages 3/25/2024 11:18:58 PM 
GET /api/admin/messages 3/25/2024 11:18:58 PM 
GET /api/admin/messages 3/25/2024 11:18:58 PM 
GET /api/admin/messages 3/25/2024 11:18:58 PM 
GET /api/admin/messages 3/25/2024 11:18:58 PM 
GET /api/admin/messages 3/25/2024 11:18:58 PM 
GET /api/admin/messages 3/25/2024 11:18:58 PM 
GET /api/admin/messages 3/25/2024 11:18:58 PM 
GET /api/admin/messages 3/25/2024 11:18:58 PM 
GET /api/admin/messages 3/25/2024 11:18:58 PM 
GET /api/admin/messages 3/25/2024 11:18:58 PM 
GET /api/admin/messages 3/25/2024 11:18:59 PM 
GET /api/admin/messages 3/25/2024 11:18:59 PM 
GET /api/admin/messages 3/25/2024 11:18:59 PM 
GET /api/admin/messages 3/25/2024 11:18:59 PM 
GET /api/admin/messages 3/25/2024 11:18:59 PM 
GET /api/admin/messages 3/25/2024 11:18:59 PM 
GET /api/admin/messages 3/25/2024 11:18:59 PM 
GET /api/admin/messages 3/25/2024 11:18:59 PM 
GET /api/admin/messages 3/25/2024 11:18:59 PM 
GET /api/admin/messages 3/25/2024 11:18:59 PM 
GET /api/admin/messages 3/25/2024 11:18:59 PM 
GET /api/admin/messages 3/25/2024 11:18:59 PM 
GET /api/admin/messages 3/25/2024 11:18:59 PM 
GET /api/admin/messages 3/25/2024 11:18:59 PM 
GET /api/admin/messages 3/25/2024 11:18:59 PM 
GET /api/admin/messages 3/25/2024 11:18:59 PM 
GET /api/admin/messages 3/25/2024 11:18:59 PM 
GET /api/admin/messages 3/25/2024 11:18:59 PM 
GET /api/admin/messages 3/25/2024 11:18:59 PM 
GET /api/admin/messages 3/25/2024 11:18:59 PM 
GET /api/admin/messages 3/25/2024 11:18:59 PM 
GET /api/admin/messages 3/25/2024 11:18:59 PM 
GET /api/admin/messages 3/25/2024 11:18:59 PM 
GET /api/admin/messages 3/25/2024 11:18:59 PM 
GET /api/admin/messages 3/25/2024 11:18:59 PM 
GET /api/admin/messages 3/25/2024 11:18:59 PM 
GET /api/admin/messages 3/25/2024 11:18:59 PM 
GET /api/admin/messages 3/25/2024 11:18:59 PM 
GET /api/admin/messages 3/25/2024 11:18:59 PM 
GET /api/admin/messages 3/25/2024 11:18:59 PM 
GET /api/admin/messages 3/25/2024 11:18:59 PM 
GET /api/admin/messages 3/25/2024 11:18:59 PM 
GET /api/admin/messages 3/25/2024 11:18:59 PM 
GET /api/admin/messages 3/25/2024 11:18:59 PM 
GET /api/admin/messages 3/25/2024 11:18:59 PM 
GET /api/admin/messages 3/25/2024 11:18:59 PM 
GET /api/admin/messages 3/25/2024 11:18:59 PM 
GET /api/admin/messages 3/25/2024 11:18:59 PM 
GET /api/admin/messages 3/25/2024 11:18:59 PM 
GET /api/admin/messages 3/25/2024 11:18:59 PM 
GET /api/admin/messages 3/25/2024 11:18:59 PM 
GET /api/admin/messages 3/25/2024 11:18:59 PM 
GET /api/admin/messages 3/25/2024 11:18:59 PM 
GET /api/admin/messages 3/25/2024 11:18:59 PM 
GET /api/admin/messages 3/25/2024 11:18:59 PM 
GET /api/admin/messages 3/25/2024 11:18:59 PM 
GET /api/admin/messages 3/25/2024 11:18:59 PM 
GET /api/admin/messages 3/25/2024 11:18:59 PM 
GET /api/admin/messages 3/25/2024 11:18:59 PM 
GET /api/admin/messages 3/25/2024 11:18:59 PM 
GET /api/admin/messages 3/25/2024 11:18:59 PM 
GET /api/admin/messages 3/25/2024 11:18:59 PM 
GET /api/admin/messages 3/25/2024 11:19:00 PM 
GET /api/admin/messages 3/25/2024 11:19:00 PM 
GET /api/admin/messages 3/25/2024 11:19:00 PM 
GET /api/admin/messages 3/25/2024 11:19:00 PM 
GET /api/admin/messages 3/25/2024 11:19:00 PM 
GET /api/admin/messages 3/25/2024 11:19:00 PM 
GET /api/admin/messages 3/25/2024 11:19:00 PM 
GET /api/admin/messages 3/25/2024 11:19:00 PM 
GET /api/admin/messages 3/25/2024 11:19:00 PM 
GET /api/admin/messages 3/25/2024 11:19:00 PM 
GET /api/admin/messages 3/25/2024 11:19:00 PM 
GET /api/admin/messages 3/25/2024 11:19:00 PM 
GET /api/admin/messages 3/25/2024 11:19:00 PM 
GET /api/admin/messages 3/25/2024 11:19:00 PM 
GET /api/admin/messages 3/25/2024 11:19:00 PM 
GET /api/admin/messages 3/25/2024 11:19:00 PM 
GET /api/admin/messages 3/25/2024 11:19:00 PM 
GET /api/admin/messages 3/25/2024 11:19:00 PM 
GET /api/admin/messages 3/25/2024 11:19:00 PM 
GET /api/admin/messages 3/25/2024 11:19:00 PM 
GET /api/admin/messages 3/25/2024 11:19:00 PM 
GET /api/admin/messages 3/25/2024 11:19:00 PM 
GET /api/admin/messages 3/25/2024 11:19:00 PM 
GET /api/admin/messages 3/25/2024 11:19:00 PM 
GET /api/admin/messages 3/25/2024 11:19:00 PM 
GET /api/admin/messages 3/25/2024 11:19:00 PM 
GET /api/admin/messages 3/25/2024 11:19:00 PM 
GET /api/admin/messages 3/25/2024 11:19:00 PM 
GET /api/admin/messages 3/25/2024 11:19:00 PM 
GET /api/admin/messages 3/25/2024 11:19:00 PM 
GET /api/admin/messages 3/25/2024 11:19:00 PM 
GET /api/admin/messages 3/25/2024 11:19:00 PM 
GET /api/admin/messages 3/25/2024 11:19:00 PM 
GET /api/admin/messages 3/25/2024 11:19:00 PM 
GET /api/admin/messages 3/25/2024 11:19:00 PM 
GET /api/admin/messages 3/25/2024 11:19:00 PM 
GET /api/admin/messages 3/25/2024 11:19:00 PM 
GET /api/admin/messages 3/25/2024 11:19:00 PM 
GET /api/admin/messages 3/25/2024 11:19:00 PM 
GET /api/admin/messages 3/25/2024 11:19:00 PM 
GET /api/admin/messages 3/25/2024 11:19:00 PM 
GET /api/admin/messages 3/25/2024 11:19:00 PM 
GET /api/admin/messages 3/25/2024 11:19:01 PM 
GET /api/admin/messages 3/25/2024 11:19:01 PM 
GET /api/admin/messages 3/25/2024 11:19:01 PM 
GET /api/admin/messages 3/25/2024 11:19:01 PM 
GET /api/admin/messages 3/25/2024 11:19:01 PM 
GET /api/admin/messages 3/25/2024 11:19:01 PM 
GET /api/admin/messages 3/25/2024 11:19:01 PM 
GET /api/admin/messages 3/25/2024 11:19:01 PM 
GET /api/admin/messages 3/25/2024 11:19:01 PM 
GET /api/admin/messages 3/25/2024 11:19:01 PM 
GET /api/admin/messages 3/25/2024 11:19:01 PM 
GET /api/admin/messages 3/25/2024 11:19:01 PM 
GET /api/admin/messages 3/25/2024 11:19:01 PM 
GET /api/admin/messages 3/25/2024 11:19:01 PM 
GET /api/admin/messages 3/25/2024 11:19:01 PM 
GET /api/admin/messages 3/25/2024 11:19:01 PM 
GET /api/admin/messages 3/25/2024 11:19:01 PM 
GET /api/admin/messages 3/25/2024 11:19:01 PM 
GET /api/admin/messages 3/25/2024 11:19:01 PM 
GET /api/admin/messages 3/25/2024 11:19:01 PM 
GET /api/admin/messages 3/25/2024 11:19:01 PM 
GET /api/admin/messages 3/25/2024 11:19:01 PM 
GET /api/admin/messages 3/25/2024 11:19:01 PM 
GET /api/admin/messages 3/25/2024 11:19:01 PM 
GET /api/admin/messages 3/25/2024 11:19:01 PM 
GET /api/admin/messages 3/25/2024 11:19:01 PM 
GET /api/admin/messages 3/25/2024 11:19:01 PM 
GET /api/admin/messages 3/25/2024 11:19:01 PM 
GET /api/admin/messages 3/25/2024 11:19:01 PM 
GET /api/admin/messages 3/25/2024 11:19:01 PM 
GET /api/admin/messages 3/25/2024 11:19:01 PM 
GET /api/admin/messages 3/25/2024 11:19:01 PM 
GET /api/admin/messages 3/25/2024 11:19:01 PM 
GET /api/admin/messages 3/25/2024 11:19:01 PM 
GET /api/admin/messages 3/25/2024 11:19:01 PM 
GET /api/admin/messages 3/25/2024 11:19:01 PM 
GET /api/admin/messages 3/25/2024 11:19:01 PM 
GET /api/admin/messages 3/25/2024 11:19:01 PM 
GET /api/admin/messages 3/25/2024 11:19:01 PM 
GET /api/admin/messages 3/25/2024 11:19:01 PM 
GET /api/admin/messages 3/25/2024 11:19:01 PM 
GET /api/admin/messages 3/25/2024 11:19:01 PM 
GET /api/admin/messages 3/25/2024 11:19:01 PM 
GET /api/admin/messages 3/25/2024 11:19:01 PM 
GET /api/admin/messages 3/25/2024 11:19:01 PM 
GET /api/admin/messages 3/25/2024 11:19:01 PM 
GET /api/admin/messages 3/25/2024 11:19:01 PM 
GET /api/admin/messages 3/25/2024 11:19:01 PM 
GET /api/admin/messages 3/25/2024 11:19:01 PM 
GET /api/admin/messages 3/25/2024 11:19:01 PM 
GET /api/admin/messages 3/25/2024 11:19:01 PM 
GET /api/admin/messages 3/25/2024 11:19:01 PM 
GET /api/admin/messages 3/25/2024 11:19:01 PM 
GET /api/admin/messages 3/25/2024 11:19:01 PM 
GET /api/admin/messages 3/25/2024 11:19:01 PM 
GET /api/admin/messages 3/25/2024 11:19:01 PM 
GET /api/admin/messages 3/25/2024 11:19:01 PM 
GET /api/admin/messages 3/25/2024 11:19:01 PM 
GET /api/admin/messages 3/25/2024 11:19:01 PM 
GET /api/admin/messages 3/25/2024 11:19:01 PM 
GET /api/admin/messages 3/25/2024 11:19:02 PM 
GET /api/admin/messages 3/25/2024 11:19:02 PM 
GET /api/admin/messages 3/25/2024 11:19:02 PM 
GET /api/admin/messages 3/25/2024 11:19:02 PM 
GET /api/admin/messages 3/25/2024 11:19:02 PM 
GET /api/admin/messages 3/25/2024 11:19:02 PM 
GET /api/admin/messages 3/25/2024 11:19:02 PM 
GET /api/admin/messages 3/25/2024 11:19:02 PM 
GET /api/admin/messages 3/25/2024 11:19:02 PM 
GET /api/admin/messages 3/25/2024 11:19:02 PM 
GET /api/admin/messages 3/25/2024 11:19:02 PM 
GET /api/admin/messages 3/25/2024 11:19:02 PM 
GET /api/admin/messages 3/25/2024 11:19:02 PM 
GET /api/admin/messages 3/25/2024 11:19:02 PM 
GET /api/admin/messages 3/25/2024 11:19:02 PM 
GET /api/admin/messages 3/25/2024 11:19:02 PM 
GET /api/admin/messages 3/25/2024 11:19:02 PM 
GET /api/admin/messages 3/25/2024 11:19:02 PM 
GET /api/admin/messages 3/25/2024 11:19:02 PM 
GET /api/admin/messages 3/25/2024 11:19:02 PM 
GET /api/admin/messages 3/25/2024 11:19:02 PM 
GET /api/admin/messages 3/25/2024 11:19:02 PM 
GET /api/admin/messages 3/25/2024 11:19:02 PM 
GET /api/admin/messages 3/25/2024 11:19:02 PM 
GET /api/admin/messages 3/25/2024 11:19:02 PM 
GET /api/admin/messages 3/25/2024 11:19:02 PM 
GET /api/admin/messages 3/25/2024 11:19:02 PM 
GET /api/admin/messages 3/25/2024 11:19:02 PM 
GET /api/admin/messages 3/25/2024 11:19:02 PM 
GET /api/admin/messages 3/25/2024 11:19:02 PM 
GET /api/admin/messages 3/25/2024 11:19:02 PM 
GET /api/admin/messages 3/25/2024 11:19:02 PM 
GET /api/admin/messages 3/25/2024 11:19:02 PM 
GET /api/admin/messages 3/25/2024 11:19:02 PM 
GET /api/admin/messages 3/25/2024 11:19:02 PM 
GET /api/admin/messages 3/25/2024 11:19:02 PM 
GET /api/admin/messages 3/25/2024 11:19:02 PM 
GET /api/admin/messages 3/25/2024 11:19:02 PM 
GET /api/admin/messages 3/25/2024 11:19:02 PM 
GET /api/admin/messages 3/25/2024 11:19:02 PM 
GET /api/admin/messages 3/25/2024 11:19:02 PM 
GET /api/admin/messages 3/25/2024 11:19:02 PM 
GET /api/admin/messages 3/25/2024 11:19:02 PM 
GET /api/admin/messages 3/25/2024 11:19:02 PM 
GET /api/admin/messages 3/25/2024 11:19:02 PM 
GET /api/admin/messages 3/25/2024 11:19:02 PM 
GET /api/admin/messages 3/25/2024 11:19:02 PM 
GET /api/admin/messages 3/25/2024 11:19:03 PM 
GET /api/admin/messages 3/25/2024 11:19:03 PM 
GET /api/admin/messages 3/25/2024 11:19:03 PM 
GET /api/admin/messages 3/25/2024 11:19:03 PM 
GET /api/admin/messages 3/25/2024 11:19:03 PM 
GET /api/admin/messages 3/25/2024 11:19:03 PM 
GET /api/admin/messages 3/25/2024 11:19:03 PM 
GET /api/admin/messages 3/25/2024 11:19:03 PM 
GET /api/admin/messages 3/25/2024 11:19:03 PM 
GET /api/admin/messages 3/25/2024 11:19:03 PM 
GET /api/admin/messages 3/25/2024 11:19:03 PM 
GET /api/admin/messages 3/25/2024 11:19:03 PM 
GET /api/admin/messages 3/25/2024 11:19:03 PM 
GET /api/admin/messages 3/25/2024 11:19:03 PM 
GET /api/admin/messages 3/25/2024 11:19:03 PM 
GET /api/admin/messages 3/25/2024 11:19:03 PM 
GET /api/admin/messages 3/25/2024 11:19:03 PM 
GET /api/admin/messages 3/25/2024 11:19:03 PM 
GET /api/admin/messages 3/25/2024 11:19:03 PM 
GET /api/admin/messages 3/25/2024 11:19:03 PM 
GET /api/admin/messages 3/25/2024 11:19:03 PM 
GET /api/admin/messages 3/25/2024 11:19:03 PM 
GET /api/admin/messages 3/25/2024 11:19:03 PM 
GET /api/admin/messages 3/25/2024 11:19:03 PM 
GET /api/admin/messages 3/25/2024 11:19:03 PM 
GET /api/admin/messages 3/25/2024 11:19:03 PM 
GET /api/admin/messages 3/25/2024 11:19:03 PM 
GET /api/admin/messages 3/25/2024 11:19:03 PM 
GET /api/admin/messages 3/25/2024 11:19:03 PM 
GET /api/admin/messages 3/25/2024 11:19:03 PM 
GET /api/admin/messages 3/25/2024 11:19:03 PM 
GET /api/admin/messages 3/25/2024 11:19:03 PM 
GET /api/admin/messages 3/25/2024 11:19:03 PM 
GET /api/admin/messages 3/25/2024 11:19:03 PM 
GET /api/admin/messages 3/25/2024 11:19:03 PM 
GET /api/admin/messages 3/25/2024 11:19:03 PM 
GET /api/admin/messages 3/25/2024 11:19:03 PM 
GET /api/admin/messages 3/25/2024 11:19:03 PM 
GET /api/user/getuser 3/25/2024 11:19:03 PM 
GET /api/admin/messages 3/25/2024 11:19:03 PM 
GET /api/user/getuser 3/25/2024 11:19:08 PM 
GET /api/user/getuser 3/25/2024 11:19:08 PM 
GET /api/admin/messages 3/25/2024 11:19:08 PM 
GET /api/user/getuser 3/25/2024 11:19:11 PM 
GET /api/user/getuser 3/25/2024 11:19:11 PM 
GET /api/admin/messages 3/25/2024 11:19:11 PM 
GET /api/user/getuser 3/25/2024 11:19:25 PM 
GET /api/admin/messages 3/25/2024 11:19:25 PM 
GET /api/user/getuser 3/25/2024 11:19:26 PM 
GET /api/admin/messages 3/25/2024 11:19:26 PM 
GET /api/user/getuser 3/25/2024 11:19:37 PM 
GET /api/user/getuser 3/25/2024 11:19:38 PM 
GET /api/admin/messages 3/25/2024 11:19:38 PM 
GET /api/user/getuser 3/25/2024 11:19:44 PM 
GET /api/user/getuser 3/25/2024 11:19:44 PM 
GET /api/user/getuser 3/25/2024 11:19:44 PM 
GET /api/user/getuser 3/25/2024 11:19:44 PM 
GET /api/user/getuser 3/25/2024 11:19:47 PM 
GET /api/user/getuser 3/25/2024 11:19:47 PM 
GET /api/user/getuser 3/25/2024 11:19:56 PM 
GET /api/user/getuser 3/25/2024 11:19:56 PM 
GET /api/admin/messages 3/25/2024 11:19:56 PM 
GET /api/user/getuser 3/25/2024 11:19:56 PM 
GET /api/user/getuser 3/25/2024 11:19:59 PM 
GET /api/admin/messages 3/25/2024 11:19:59 PM 
GET /api/user/getuser 3/25/2024 11:20:03 PM 
GET /api/admin/messages 3/25/2024 11:20:03 PM 
GET /api/user/getuser 3/25/2024 11:20:06 PM 
GET /api/admin/messages 3/25/2024 11:20:06 PM 
GET /api/user/getuser 3/25/2024 11:20:10 PM 
GET /api/admin/messages 3/25/2024 11:20:10 PM 
GET /api/user/getuser 3/25/2024 11:20:14 PM 
GET /api/admin/messages 3/25/2024 11:20:14 PM 
GET /api/user/getuser 3/25/2024 11:20:17 PM 
GET /api/user/getuser 3/25/2024 11:20:17 PM 
GET /api/admin/messages 3/25/2024 11:20:18 PM 
GET /api/user/getuser 3/25/2024 11:20:29 PM 
GET /api/admin/messages 3/25/2024 11:20:29 PM 
GET /api/user/getuser 3/25/2024 11:20:35 PM 
GET /api/admin/messages 3/25/2024 11:20:35 PM 
GET /api/user/getuser 3/25/2024 11:20:37 PM 
GET /api/user/getuser 3/25/2024 11:20:37 PM 
GET /api/admin/messages 3/25/2024 11:20:37 PM 
GET /api/user/getuser 3/25/2024 11:20:47 PM 
GET /api/admin/messages 3/25/2024 11:20:47 PM 
GET /api/user/getuser 3/25/2024 11:21:07 PM 
GET /api/admin/messages 3/25/2024 11:21:07 PM 
GET /api/user/getuser 3/25/2024 11:21:18 PM 
GET /api/admin/messages 3/25/2024 11:21:18 PM 
GET /api/user/getuser 3/25/2024 11:21:20 PM 
GET /api/user/getuser 3/25/2024 11:21:20 PM 
GET /api/admin/messages 3/25/2024 11:21:20 PM 
GET /api/user/getuser 3/25/2024 11:22:18 PM 
GET /api/admin/messages 3/25/2024 11:22:18 PM 
GET /api/user/getuser 3/25/2024 11:22:48 PM 
GET /api/user/getuser 3/25/2024 11:22:48 PM 
GET /api/admin/messages 3/25/2024 11:22:48 PM 
GET /api/user/getuser 3/25/2024 11:23:40 PM 
GET /api/admin/messages 3/25/2024 11:23:40 PM 
GET /api/user/getuser 3/25/2024 11:23:42 PM 
GET /api/user/getuser 3/25/2024 11:24:02 PM 
GET /api/admin/messages 3/25/2024 11:24:02 PM 
GET /api/admin/messages 3/25/2024 11:24:20 PM 
GET /api/admin/messages 3/25/2024 11:25:09 PM 
GET /api/user/getuser 3/25/2024 11:25:11 PM 
GET /api/user/getuser 3/25/2024 11:25:11 PM 
GET /api/admin/messages 3/25/2024 11:25:11 PM 
GET /api/user/getuser 3/25/2024 11:25:17 PM 
GET /api/user/getuser 3/25/2024 11:25:17 PM 
GET /api/admin/messages 3/25/2024 11:25:17 PM 
GET /api/admin/messages 3/25/2024 11:25:22 PM 
GET /api/user/getuser 3/25/2024 11:25:24 PM 
GET /api/user/getuser 3/25/2024 11:25:25 PM 
GET /api/admin/messages 3/25/2024 11:25:25 PM 
GET /api/blogs 3/25/2024 11:25:30 PM 
GET /api/admin/messages 3/25/2024 11:25:38 PM 
GET /api/admin/messages 3/25/2024 11:26:05 PM 
GET /api/user/getuser 3/25/2024 11:26:06 PM 
GET /api/user/getuser 3/25/2024 11:26:06 PM 
GET /api/admin/messages 3/25/2024 11:26:06 PM 
GET /api/user/getuser 3/25/2024 11:26:22 PM 
GET /api/user/getuser 3/25/2024 11:26:22 PM 
GET /api/admin/messages 3/25/2024 11:26:22 PM 
GET /api/admin/messages 3/25/2024 11:26:39 PM 
GET /api/user/getuser 3/25/2024 11:26:51 PM 
GET /api/user/getuser 3/25/2024 11:26:51 PM 
GET /api/admin/messages 3/25/2024 11:26:51 PM 
